{"C:\\Users\\Tejas\\.gemini\\antigravity-ide\\scratch\\hasumane\\backend\\src\\common\\guards\\csrf.guard.ts": {"path":"C:\\Users\\Tejas\\.gemini\\antigravity-ide\\scratch\\hasumane\\backend\\src\\common\\guards\\csrf.guard.ts","statementMap":{"0":{"start":{"line":1,"column":0},"end":{"line":1,"column":95}},"1":{"start":{"line":2,"column":0},"end":{"line":2,"column":41}},"2":{"start":{"line":3,"column":0},"end":{"line":3,"column":47}},"3":{"start":{"line":4,"column":0},"end":{"line":4,"column":66}},"4":{"start":{"line":7,"column":21},"end":{"line":7,"column":56}},"5":{"start":{"line":10,"column":7},"end":{"line":36,"column":null}},"6":{"start":{"line":12,"column":21},"end":{"line":12,"column":36}},"7":{"start":{"line":13,"column":21},"end":{"line":13,"column":32}},"8":{"start":{"line":17,"column":21},"end":{"line":20,"column":6}},"9":{"start":{"line":21,"column":4},"end":{"line":21,"column":30}},"10":{"start":{"line":21,"column":18},"end":{"line":21,"column":30}},"11":{"start":{"line":23,"column":20},"end":{"line":23,"column":77}},"12":{"start":{"line":24,"column":4},"end":{"line":24,"column":54}},"13":{"start":{"line":24,"column":42},"end":{"line":24,"column":54}},"14":{"start":{"line":26,"column":23},"end":{"line":26,"column":89}},"15":{"start":{"line":27,"column":24},"end":{"line":27,"column":50}},"16":{"start":{"line":28,"column":24},"end":{"line":28,"column":51}},"17":{"start":{"line":30,"column":4},"end":{"line":32,"column":5}},"18":{"start":{"line":31,"column":6},"end":{"line":31,"column":58}},"19":{"start":{"line":34,"column":4},"end":{"line":34,"column":16}},"20":{"start":{"line":10,"column":13},"end":{"line":10,"column":22}},"21":{"start":{"line":10,"column":13},"end":{"line":36,"column":null}}},"fnMap":{"0":{"name":"(anonymous_2)","decl":{"start":{"line":11,"column":2},"end":{"line":11,"column":null}},"loc":{"start":{"line":13,"column":41},"end":{"line":14,"column":6}}},"1":{"name":"(anonymous_3)","decl":{"start":{"line":16,"column":2},"end":{"line":16,"column":13}},"loc":{"start":{"line":16,"column":39},"end":{"line":35,"column":3}}}},"branchMap":{"0":{"loc":{"start":{"line":21,"column":4},"end":{"line":21,"column":30}},"type":"if","locations":[{"start":{"line":21,"column":4},"end":{"line":21,"column":30}}]},"1":{"loc":{"start":{"line":24,"column":4},"end":{"line":24,"column":54}},"type":"if","locations":[{"start":{"line":24,"column":4},"end":{"line":24,"column":54}}]},"2":{"loc":{"start":{"line":26,"column":23},"end":{"line":26,"column":89}},"type":"binary-expr","locations":[{"start":{"line":26,"column":23},"end":{"line":26,"column":71}},{"start":{"line":26,"column":75},"end":{"line":26,"column":89}}]},"3":{"loc":{"start":{"line":30,"column":4},"end":{"line":32,"column":5}},"type":"if","locations":[{"start":{"line":30,"column":4},"end":{"line":32,"column":5}}]},"4":{"loc":{"start":{"line":30,"column":8},"end":{"line":30,"column":67}},"type":"binary-expr","locations":[{"start":{"line":30,"column":8},"end":{"line":30,"column":20}},{"start":{"line":30,"column":24},"end":{"line":30,"column":36}},{"start":{"line":30,"column":40},"end":{"line":30,"column":67}}]},"5":{"loc":{"start":{"line":12,"column":36},"end":{"line":12,"column":null}},"type":"cond-expr","locations":[{"start":{"line":12,"column":49},"end":{"line":12,"column":null}},{"start":{"line":12,"column":49},"end":{"line":12,"column":null}}]},"6":{"loc":{"start":{"line":12,"column":36},"end":{"line":12,"column":49}},"type":"binary-expr","locations":[{"start":{"line":12,"column":36},"end":{"line":12,"column":null}},{"start":{"line":12,"column":36},"end":{"line":12,"column":49}}]},"7":{"loc":{"start":{"line":12,"column":49},"end":{"line":13,"column":null}},"type":"cond-expr","locations":[{"start":{"line":13,"column":41},"end":{"line":13,"column":null}},{"start":{"line":13,"column":41},"end":{"line":13,"column":null}}]},"8":{"loc":{"start":{"line":12,"column":49},"end":{"line":13,"column":41}},"type":"binary-expr","locations":[{"start":{"line":12,"column":49},"end":{"line":13,"column":null}},{"start":{"line":13,"column":32},"end":{"line":13,"column":41}}]}},"s":{"0":1,"1":1,"2":1,"3":1,"4":1,"5":1,"6":3,"7":3,"8":4,"9":4,"10":1,"11":3,"12":3,"13":1,"14":2,"15":2,"16":2,"17":2,"18":1,"19":1,"20":1,"21":1},"f":{"0":3,"1":4},"b":{"0":[1],"1":[1],"2":[2,0],"3":[1],"4":[2,1,1],"5":[1,0],"6":[1,1],"7":[1,0],"8":[1,1]}}
,"C:\\Users\\Tejas\\.gemini\\antigravity-ide\\scratch\\hasumane\\backend\\src\\common\\guards\\jwt-auth.guard.ts": {"path":"C:\\Users\\Tejas\\.gemini\\antigravity-ide\\scratch\\hasumane\\backend\\src\\common\\guards\\jwt-auth.guard.ts","statementMap":{"0":{"start":{"line":1,"column":0},"end":{"line":1,"column":98}},"1":{"start":{"line":2,"column":0},"end":{"line":2,"column":41}},"2":{"start":{"line":3,"column":0},"end":{"line":3,"column":47}},"3":{"start":{"line":4,"column":0},"end":{"line":4,"column":41}},"4":{"start":{"line":5,"column":0},"end":{"line":5,"column":66}},"5":{"start":{"line":18,"column":7},"end":{"line":64,"column":null}},"6":{"start":{"line":20,"column":21},"end":{"line":20,"column":32}},"7":{"start":{"line":21,"column":21},"end":{"line":21,"column":33}},"8":{"start":{"line":22,"column":21},"end":{"line":22,"column":36}},"9":{"start":{"line":26,"column":21},"end":{"line":29,"column":6}},"10":{"start":{"line":30,"column":4},"end":{"line":30,"column":30}},"11":{"start":{"line":30,"column":18},"end":{"line":30,"column":30}},"12":{"start":{"line":32,"column":20},"end":{"line":32,"column":77}},"13":{"start":{"line":33,"column":18},"end":{"line":33,"column":44}},"14":{"start":{"line":34,"column":4},"end":{"line":36,"column":5}},"15":{"start":{"line":35,"column":6},"end":{"line":35,"column":63}},"16":{"start":{"line":38,"column":4},"end":{"line":54,"column":5}},"17":{"start":{"line":39,"column":22},"end":{"line":41,"column":8}},"18":{"start":{"line":42,"column":6},"end":{"line":44,"column":7}},"19":{"start":{"line":43,"column":8},"end":{"line":43,"column":63}},"20":{"start":{"line":45,"column":6},"end":{"line":50,"column":8}},"21":{"start":{"line":51,"column":6},"end":{"line":51,"column":18}},"22":{"start":{"line":53,"column":6},"end":{"line":53,"column":74}},"23":{"start":{"line":58,"column":23},"end":{"line":58,"column":54}},"24":{"start":{"line":59,"column":4},"end":{"line":61,"column":5}},"25":{"start":{"line":60,"column":6},"end":{"line":60,"column":33}},"26":{"start":{"line":62,"column":4},"end":{"line":62,"column":41}},"27":{"start":{"line":18,"column":13},"end":{"line":18,"column":25}},"28":{"start":{"line":18,"column":13},"end":{"line":64,"column":null}}},"fnMap":{"0":{"name":"(anonymous_2)","decl":{"start":{"line":19,"column":2},"end":{"line":19,"column":null}},"loc":{"start":{"line":22,"column":49},"end":{"line":23,"column":6}}},"1":{"name":"(anonymous_3)","decl":{"start":{"line":25,"column":2},"end":{"line":25,"column":7}},"loc":{"start":{"line":25,"column":45},"end":{"line":55,"column":3}}},"2":{"name":"(anonymous_4)","decl":{"start":{"line":57,"column":10},"end":{"line":57,"column":22}},"loc":{"start":{"line":57,"column":52},"end":{"line":63,"column":3}}}},"branchMap":{"0":{"loc":{"start":{"line":30,"column":4},"end":{"line":30,"column":30}},"type":"if","locations":[{"start":{"line":30,"column":4},"end":{"line":30,"column":30}}]},"1":{"loc":{"start":{"line":34,"column":4},"end":{"line":36,"column":5}},"type":"if","locations":[{"start":{"line":34,"column":4},"end":{"line":36,"column":5}}]},"2":{"loc":{"start":{"line":42,"column":6},"end":{"line":44,"column":7}},"type":"if","locations":[{"start":{"line":42,"column":6},"end":{"line":44,"column":7}}]},"3":{"loc":{"start":{"line":59,"column":4},"end":{"line":61,"column":5}},"type":"if","locations":[{"start":{"line":59,"column":4},"end":{"line":61,"column":5}}]},"4":{"loc":{"start":{"line":20,"column":32},"end":{"line":20,"column":null}},"type":"cond-expr","locations":[{"start":{"line":20,"column":41},"end":{"line":20,"column":null}},{"start":{"line":20,"column":41},"end":{"line":20,"column":null}}]},"5":{"loc":{"start":{"line":20,"column":32},"end":{"line":20,"column":41}},"type":"binary-expr","locations":[{"start":{"line":20,"column":32},"end":{"line":20,"column":null}},{"start":{"line":20,"column":32},"end":{"line":20,"column":41}}]},"6":{"loc":{"start":{"line":20,"column":41},"end":{"line":21,"column":null}},"type":"cond-expr","locations":[{"start":{"line":21,"column":43},"end":{"line":21,"column":null}},{"start":{"line":21,"column":43},"end":{"line":21,"column":null}}]},"7":{"loc":{"start":{"line":20,"column":41},"end":{"line":21,"column":43}},"type":"binary-expr","locations":[{"start":{"line":20,"column":41},"end":{"line":21,"column":null}},{"start":{"line":21,"column":33},"end":{"line":21,"column":43}}]},"8":{"loc":{"start":{"line":21,"column":43},"end":{"line":22,"column":null}},"type":"cond-expr","locations":[{"start":{"line":22,"column":49},"end":{"line":22,"column":null}},{"start":{"line":22,"column":49},"end":{"line":22,"column":null}}]},"9":{"loc":{"start":{"line":21,"column":43},"end":{"line":22,"column":49}},"type":"binary-expr","locations":[{"start":{"line":21,"column":43},"end":{"line":22,"column":null}},{"start":{"line":22,"column":36},"end":{"line":22,"column":49}}]}},"s":{"0":1,"1":1,"2":1,"3":1,"4":1,"5":1,"6":4,"7":4,"8":4,"9":4,"10":4,"11":1,"12":3,"13":3,"14":3,"15":1,"16":2,"17":2,"18":2,"19":1,"20":1,"21":1,"22":1,"23":3,"24":3,"25":2,"26":1,"27":1,"28":1},"f":{"0":4,"1":4,"2":3},"b":{"0":[1],"1":[1],"2":[1],"3":[2],"4":[1,0],"5":[1,1],"6":[1,0],"7":[1,1],"8":[1,0],"9":[1,1]}}
,"C:\\Users\\Tejas\\.gemini\\antigravity-ide\\scratch\\hasumane\\backend\\src\\common\\guards\\roles.guard.ts": {"path":"C:\\Users\\Tejas\\.gemini\\antigravity-ide\\scratch\\hasumane\\backend\\src\\common\\guards\\roles.guard.ts","statementMap":{"0":{"start":{"line":1,"column":0},"end":{"line":1,"column":95}},"1":{"start":{"line":2,"column":0},"end":{"line":2,"column":41}},"2":{"start":{"line":3,"column":0},"end":{"line":3,"column":66}},"3":{"start":{"line":4,"column":0},"end":{"line":4,"column":66}},"4":{"start":{"line":5,"column":0},"end":{"line":5,"column":61}},"5":{"start":{"line":9,"column":7},"end":{"line":38,"column":null}},"6":{"start":{"line":10,"column":31},"end":{"line":10,"column":42}},"7":{"start":{"line":13,"column":21},"end":{"line":16,"column":6}},"8":{"start":{"line":17,"column":4},"end":{"line":17,"column":30}},"9":{"start":{"line":17,"column":18},"end":{"line":17,"column":30}},"10":{"start":{"line":19,"column":26},"end":{"line":22,"column":6}},"11":{"start":{"line":23,"column":4},"end":{"line":23,"column":44}},"12":{"start":{"line":23,"column":32},"end":{"line":23,"column":44}},"13":{"start":{"line":25,"column":20},"end":{"line":25,"column":77}},"14":{"start":{"line":26,"column":17},"end":{"line":26,"column":35}},"15":{"start":{"line":27,"column":4},"end":{"line":29,"column":5}},"16":{"start":{"line":28,"column":6},"end":{"line":28,"column":70}},"17":{"start":{"line":31,"column":22},"end":{"line":31,"column":47}},"18":{"start":{"line":32,"column":20},"end":{"line":32,"column":99}},"19":{"start":{"line":32,"column":57},"end":{"line":32,"column":98}},"20":{"start":{"line":33,"column":4},"end":{"line":35,"column":5}},"21":{"start":{"line":34,"column":6},"end":{"line":34,"column":69}},"22":{"start":{"line":36,"column":4},"end":{"line":36,"column":16}},"23":{"start":{"line":9,"column":13},"end":{"line":9,"column":23}},"24":{"start":{"line":9,"column":13},"end":{"line":38,"column":null}}},"fnMap":{"0":{"name":"(anonymous_2)","decl":{"start":{"line":10,"column":2},"end":{"line":10,"column":31}},"loc":{"start":{"line":10,"column":51},"end":{"line":10,"column":55}}},"1":{"name":"(anonymous_3)","decl":{"start":{"line":12,"column":2},"end":{"line":12,"column":13}},"loc":{"start":{"line":12,"column":39},"end":{"line":37,"column":3}}},"2":{"name":"(anonymous_4)","decl":{"start":{"line":32,"column":39},"end":{"line":32,"column":40}},"loc":{"start":{"line":32,"column":57},"end":{"line":32,"column":98}}}},"branchMap":{"0":{"loc":{"start":{"line":17,"column":4},"end":{"line":17,"column":30}},"type":"if","locations":[{"start":{"line":17,"column":4},"end":{"line":17,"column":30}}]},"1":{"loc":{"start":{"line":23,"column":4},"end":{"line":23,"column":44}},"type":"if","locations":[{"start":{"line":23,"column":4},"end":{"line":23,"column":44}}]},"2":{"loc":{"start":{"line":27,"column":4},"end":{"line":29,"column":5}},"type":"if","locations":[{"start":{"line":27,"column":4},"end":{"line":29,"column":5}}]},"3":{"loc":{"start":{"line":31,"column":22},"end":{"line":31,"column":47}},"type":"binary-expr","locations":[{"start":{"line":31,"column":22},"end":{"line":31,"column":42}},{"start":{"line":31,"column":46},"end":{"line":31,"column":47}}]},"4":{"loc":{"start":{"line":33,"column":4},"end":{"line":35,"column":5}},"type":"if","locations":[{"start":{"line":33,"column":4},"end":{"line":35,"column":5}}]},"5":{"loc":{"start":{"line":10,"column":42},"end":{"line":10,"column":54}},"type":"cond-expr","locations":[{"start":{"line":10,"column":51},"end":{"line":10,"column":54}},{"start":{"line":10,"column":51},"end":{"line":10,"column":54}}]},"6":{"loc":{"start":{"line":10,"column":42},"end":{"line":10,"column":51}},"type":"binary-expr","locations":[{"start":{"line":10,"column":42},"end":{"line":10,"column":54}},{"start":{"line":10,"column":42},"end":{"line":10,"column":51}}]}},"s":{"0":1,"1":1,"2":1,"3":1,"4":1,"5":1,"6":4,"7":4,"8":4,"9":1,"10":3,"11":3,"12":1,"13":2,"14":2,"15":2,"16":0,"17":2,"18":2,"19":2,"20":2,"21":1,"22":1,"23":1,"24":1},"f":{"0":4,"1":4,"2":2},"b":{"0":[1],"1":[1],"2":[0],"3":[2,0],"4":[1],"5":[1,0],"6":[1,1]}}
,"C:\\Users\\Tejas\\.gemini\\antigravity-ide\\scratch\\hasumane\\backend\\src\\common\\interceptors\\logging.interceptor.ts": {"path":"C:\\Users\\Tejas\\.gemini\\antigravity-ide\\scratch\\hasumane\\backend\\src\\common\\interceptors\\logging.interceptor.ts","statementMap":{"0":{"start":{"line":1,"column":0},"end":{"line":1,"column":null}},"1":{"start":{"line":7,"column":0},"end":{"line":7,"column":68}},"2":{"start":{"line":9,"column":0},"end":{"line":9,"column":74}},"3":{"start":{"line":10,"column":0},"end":{"line":10,"column":77}},"4":{"start":{"line":14,"column":7},"end":{"line":77,"column":null}},"5":{"start":{"line":16,"column":21},"end":{"line":16,"column":37}},"6":{"start":{"line":17,"column":21},"end":{"line":17,"column":37}},"7":{"start":{"line":21,"column":20},"end":{"line":21,"column":77}},"8":{"start":{"line":22,"column":21},"end":{"line":22,"column":67}},"9":{"start":{"line":23,"column":22},"end":{"line":23,"column":32}},"10":{"start":{"line":25,"column":4},"end":{"line":70,"column":6}},"11":{"start":{"line":27,"column":27},"end":{"line":27,"column":49}},"12":{"start":{"line":28,"column":8},"end":{"line":33,"column":11}},"13":{"start":{"line":34,"column":8},"end":{"line":45,"column":11}},"14":{"start":{"line":48,"column":27},"end":{"line":48,"column":49}},"15":{"start":{"line":49,"column":8},"end":{"line":54,"column":11}},"16":{"start":{"line":55,"column":8},"end":{"line":67,"column":11}},"17":{"start":{"line":68,"column":8},"end":{"line":68,"column":39}},"18":{"start":{"line":68,"column":32},"end":{"line":68,"column":37}},"19":{"start":{"line":74,"column":31},"end":{"line":74,"column":46}},"20":{"start":{"line":75,"column":4},"end":{"line":75,"column":32}},"21":{"start":{"line":14,"column":13},"end":{"line":14,"column":31}},"22":{"start":{"line":14,"column":13},"end":{"line":77,"column":null}}},"fnMap":{"0":{"name":"(anonymous_2)","decl":{"start":{"line":15,"column":2},"end":{"line":15,"column":null}},"loc":{"start":{"line":17,"column":51},"end":{"line":18,"column":6}}},"1":{"name":"(anonymous_3)","decl":{"start":{"line":20,"column":2},"end":{"line":20,"column":11}},"loc":{"start":{"line":20,"column":56},"end":{"line":71,"column":3}}},"2":{"name":"(anonymous_4)","decl":{"start":{"line":26,"column":10},"end":{"line":26,"column":13}},"loc":{"start":{"line":26,"column":15},"end":{"line":46,"column":7}}},"3":{"name":"(anonymous_5)","decl":{"start":{"line":47,"column":17},"end":{"line":47,"column":18}},"loc":{"start":{"line":47,"column":36},"end":{"line":69,"column":7}}},"4":{"name":"(anonymous_6)","decl":{"start":{"line":68,"column":26},"end":{"line":68,"column":29}},"loc":{"start":{"line":68,"column":32},"end":{"line":68,"column":37}}},"5":{"name":"(anonymous_7)","decl":{"start":{"line":73,"column":10},"end":{"line":73,"column":24}},"loc":{"start":{"line":73,"column":37},"end":{"line":76,"column":3}}}},"branchMap":{"0":{"loc":{"start":{"line":30,"column":17},"end":{"line":30,"column":59}},"type":"binary-expr","locations":[{"start":{"line":30,"column":17},"end":{"line":30,"column":36}},{"start":{"line":30,"column":40},"end":{"line":30,"column":59}}]},"1":{"loc":{"start":{"line":35,"column":17},"end":{"line":35,"column":61}},"type":"cond-expr","locations":[{"start":{"line":35,"column":46},"end":{"line":35,"column":52}},{"start":{"line":35,"column":55},"end":{"line":35,"column":61}}]},"2":{"loc":{"start":{"line":51,"column":17},"end":{"line":51,"column":59}},"type":"binary-expr","locations":[{"start":{"line":51,"column":17},"end":{"line":51,"column":36}},{"start":{"line":51,"column":40},"end":{"line":51,"column":59}}]},"3":{"loc":{"start":{"line":52,"column":22},"end":{"line":52,"column":76}},"type":"cond-expr","locations":[{"start":{"line":52,"column":51},"end":{"line":52,"column":70}},{"start":{"line":52,"column":73},"end":{"line":52,"column":76}}]},"4":{"loc":{"start":{"line":64,"column":22},"end":{"line":64,"column":76}},"type":"cond-expr","locations":[{"start":{"line":64,"column":51},"end":{"line":64,"column":70}},{"start":{"line":64,"column":73},"end":{"line":64,"column":76}}]},"5":{"loc":{"start":{"line":66,"column":22},"end":{"line":66,"column":74}},"type":"cond-expr","locations":[{"start":{"line":66,"column":47},"end":{"line":66,"column":58}},{"start":{"line":66,"column":61},"end":{"line":66,"column":74}}]},"6":{"loc":{"start":{"line":75,"column":11},"end":{"line":75,"column":31}},"type":"binary-expr","locations":[{"start":{"line":75,"column":11},"end":{"line":75,"column":21}},{"start":{"line":75,"column":25},"end":{"line":75,"column":31}}]},"7":{"loc":{"start":{"line":16,"column":37},"end":{"line":16,"column":null}},"type":"cond-expr","locations":[{"start":{"line":16,"column":51},"end":{"line":16,"column":null}},{"start":{"line":16,"column":51},"end":{"line":16,"column":null}}]},"8":{"loc":{"start":{"line":16,"column":37},"end":{"line":16,"column":51}},"type":"binary-expr","locations":[{"start":{"line":16,"column":37},"end":{"line":16,"column":null}},{"start":{"line":16,"column":37},"end":{"line":16,"column":51}}]},"9":{"loc":{"start":{"line":16,"column":51},"end":{"line":17,"column":null}},"type":"cond-expr","locations":[{"start":{"line":17,"column":51},"end":{"line":17,"column":null}},{"start":{"line":17,"column":51},"end":{"line":17,"column":null}}]},"10":{"loc":{"start":{"line":16,"column":51},"end":{"line":17,"column":51}},"type":"binary-expr","locations":[{"start":{"line":16,"column":51},"end":{"line":17,"column":null}},{"start":{"line":17,"column":37},"end":{"line":17,"column":51}}]}},"s":{"0":1,"1":1,"2":1,"3":1,"4":1,"5":4,"6":4,"7":4,"8":4,"9":4,"10":4,"11":2,"12":2,"13":2,"14":2,"15":2,"16":2,"17":2,"18":2,"19":4,"20":4,"21":1,"22":1},"f":{"0":4,"1":4,"2":2,"3":2,"4":2,"5":4},"b":{"0":[2,1],"1":[1,1],"2":[2,0],"3":[1,1],"4":[1,1],"5":[1,1],"6":[4,1],"7":[1,0],"8":[1,1],"9":[1,0],"10":[1,1]}}
,"C:\\Users\\Tejas\\.gemini\\antigravity-ide\\scratch\\hasumane\\backend\\src\\common\\interceptors\\response.interceptor.ts": {"path":"C:\\Users\\Tejas\\.gemini\\antigravity-ide\\scratch\\hasumane\\backend\\src\\common\\interceptors\\response.interceptor.ts","statementMap":{"0":{"start":{"line":1,"column":0},"end":{"line":1,"column":null}},"1":{"start":{"line":9,"column":0},"end":{"line":9,"column":44}},"2":{"start":{"line":19,"column":7},"end":{"line":53,"column":null}},"3":{"start":{"line":21,"column":25},"end":{"line":21,"column":71}},"4":{"start":{"line":22,"column":20},"end":{"line":22,"column":64}},"5":{"start":{"line":23,"column":4},"end":{"line":51,"column":6}},"6":{"start":{"line":25,"column":28},"end":{"line":25,"column":80}},"7":{"start":{"line":26,"column":8},"end":{"line":33,"column":9}},"8":{"start":{"line":32,"column":10},"end":{"line":32,"column":30}},"9":{"start":{"line":35,"column":8},"end":{"line":43,"column":9}},"10":{"start":{"line":42,"column":10},"end":{"line":42,"column":43}},"11":{"start":{"line":45,"column":8},"end":{"line":49,"column":10}},"12":{"start":{"line":19,"column":13},"end":{"line":19,"column":32}},"13":{"start":{"line":19,"column":13},"end":{"line":53,"column":null}}},"fnMap":{"0":{"name":"(anonymous_1)","decl":{"start":{"line":20,"column":2},"end":{"line":20,"column":11}},"loc":{"start":{"line":20,"column":59},"end":{"line":52,"column":3}}},"1":{"name":"(anonymous_2)","decl":{"start":{"line":24,"column":10},"end":{"line":24,"column":11}},"loc":{"start":{"line":24,"column":42},"end":{"line":50,"column":7}}}},"branchMap":{"0":{"loc":{"start":{"line":25,"column":35},"end":{"line":25,"column":79}},"type":"binary-expr","locations":[{"start":{"line":25,"column":35},"end":{"line":25,"column":73}},{"start":{"line":25,"column":77},"end":{"line":25,"column":79}}]},"1":{"loc":{"start":{"line":26,"column":8},"end":{"line":33,"column":9}},"type":"if","locations":[{"start":{"line":26,"column":8},"end":{"line":33,"column":9}}]},"2":{"loc":{"start":{"line":27,"column":10},"end":{"line":30,"column":50}},"type":"binary-expr","locations":[{"start":{"line":27,"column":10},"end":{"line":27,"column":44}},{"start":{"line":28,"column":10},"end":{"line":28,"column":42}},{"start":{"line":29,"column":10},"end":{"line":29,"column":49}},{"start":{"line":30,"column":10},"end":{"line":30,"column":50}}]},"3":{"loc":{"start":{"line":35,"column":8},"end":{"line":43,"column":9}},"type":"if","locations":[{"start":{"line":35,"column":8},"end":{"line":43,"column":9}}]},"4":{"loc":{"start":{"line":36,"column":10},"end":{"line":40,"column":27}},"type":"binary-expr","locations":[{"start":{"line":36,"column":10},"end":{"line":36,"column":17}},{"start":{"line":37,"column":10},"end":{"line":37,"column":37}},{"start":{"line":38,"column":10},"end":{"line":38,"column":30}},{"start":{"line":39,"column":10},"end":{"line":39,"column":30}},{"start":{"line":40,"column":10},"end":{"line":40,"column":27}}]}},"s":{"0":1,"1":1,"2":1,"3":3,"4":3,"5":3,"6":3,"7":3,"8":1,"9":2,"10":1,"11":1,"12":1,"13":1},"f":{"0":3,"1":3},"b":{"0":[3,0],"1":[1],"2":[3,3,2,2],"3":[1],"4":[2,2,2,1,1]}}
,"C:\\Users\\Tejas\\.gemini\\antigravity-ide\\scratch\\hasumane\\backend\\src\\common\\utils\\pagination.ts": {"path":"C:\\Users\\Tejas\\.gemini\\antigravity-ide\\scratch\\hasumane\\backend\\src\\common\\utils\\pagination.ts","statementMap":{"0":{"start":{"line":12,"column":0},"end":{"line":12,"column":16}},"1":{"start":{"line":23,"column":0},"end":{"line":23,"column":16}},"2":{"start":{"line":13,"column":15},"end":{"line":13,"column":43}},"3":{"start":{"line":14,"column":16},"end":{"line":14,"column":61}},"4":{"start":{"line":15,"column":2},"end":{"line":20,"column":4}},"5":{"start":{"line":24,"column":21},"end":{"line":24,"column":58}},"6":{"start":{"line":25,"column":2},"end":{"line":32,"column":4}}},"fnMap":{"0":{"name":"getPagination","decl":{"start":{"line":12,"column":16},"end":{"line":12,"column":29}},"loc":{"start":{"line":12,"column":55},"end":{"line":21,"column":1}}},"1":{"name":"buildPaginationMeta","decl":{"start":{"line":23,"column":16},"end":{"line":23,"column":35}},"loc":{"start":{"line":23,"column":78},"end":{"line":33,"column":1}}}},"branchMap":{"0":{"loc":{"start":{"line":13,"column":27},"end":{"line":13,"column":42}},"type":"binary-expr","locations":[{"start":{"line":13,"column":27},"end":{"line":13,"column":37}},{"start":{"line":13,"column":41},"end":{"line":13,"column":42}}]},"1":{"loc":{"start":{"line":14,"column":42},"end":{"line":14,"column":59}},"type":"binary-expr","locations":[{"start":{"line":14,"column":42},"end":{"line":14,"column":53}},{"start":{"line":14,"column":57},"end":{"line":14,"column":59}}]}},"s":{"0":2,"1":2,"2":6,"3":6,"4":6,"5":6,"6":6},"f":{"0":6,"1":6},"b":{"0":[6,1],"1":[6,0]}}
,"C:\\Users\\Tejas\\.gemini\\antigravity-ide\\scratch\\hasumane\\backend\\src\\modules\\analytics\\analytics.service.ts": {"path":"C:\\Users\\Tejas\\.gemini\\antigravity-ide\\scratch\\hasumane\\backend\\src\\modules\\analytics\\analytics.service.ts","statementMap":{"0":{"start":{"line":1,"column":0},"end":{"line":1,"column":44}},"1":{"start":{"line":2,"column":0},"end":{"line":2,"column":63}},"2":{"start":{"line":11,"column":7},"end":{"line":287,"column":null}},"3":{"start":{"line":12,"column":31},"end":{"line":12,"column":39}},"4":{"start":{"line":15,"column":18},"end":{"line":15,"column":42}},"5":{"start":{"line":17,"column":6},"end":{"line":28,"column":8}},"6":{"start":{"line":30,"column":4},"end":{"line":44,"column":6}},"7":{"start":{"line":48,"column":18},"end":{"line":48,"column":42}},"8":{"start":{"line":49,"column":46},"end":{"line":66,"column":6}},"9":{"start":{"line":68,"column":4},"end":{"line":79,"column":6}},"10":{"start":{"line":83,"column":18},"end":{"line":83,"column":42}},"11":{"start":{"line":84,"column":20},"end":{"line":84,"column":57}},"12":{"start":{"line":85,"column":21},"end":{"line":89,"column":6}},"13":{"start":{"line":90,"column":4},"end":{"line":90,"column":43}},"14":{"start":{"line":94,"column":18},"end":{"line":94,"column":42}},"15":{"start":{"line":95,"column":20},"end":{"line":95,"column":49}},"16":{"start":{"line":96,"column":21},"end":{"line":100,"column":6}},"17":{"start":{"line":101,"column":4},"end":{"line":101,"column":43}},"18":{"start":{"line":105,"column":4},"end":{"line":105,"column":35}},"19":{"start":{"line":109,"column":18},"end":{"line":109,"column":42}},"20":{"start":{"line":110,"column":4},"end":{"line":110,"column":65}},"21":{"start":{"line":114,"column":17},"end":{"line":114,"column":38}},"22":{"start":{"line":115,"column":17},"end":{"line":115,"column":77}},"23":{"start":{"line":115,"column":58},"end":{"line":115,"column":74}},"24":{"start":{"line":116,"column":19},"end":{"line":116,"column":33}},"25":{"start":{"line":117,"column":17},"end":{"line":126,"column":17}},"26":{"start":{"line":119,"column":8},"end":{"line":124,"column":20}},"27":{"start":{"line":121,"column":26},"end":{"line":121,"column":40}},"28":{"start":{"line":122,"column":12},"end":{"line":122,"column":60}},"29":{"start":{"line":127,"column":4},"end":{"line":127,"column":34}},"30":{"start":{"line":131,"column":17},"end":{"line":131,"column":66}},"31":{"start":{"line":132,"column":20},"end":{"line":132,"column":76}},"32":{"start":{"line":133,"column":19},"end":{"line":133,"column":62}},"33":{"start":{"line":134,"column":20},"end":{"line":140,"column":6}},"34":{"start":{"line":141,"column":19},"end":{"line":141,"column":33}},"35":{"start":{"line":142,"column":20},"end":{"line":142,"column":23}},"36":{"start":{"line":143,"column":4},"end":{"line":146,"column":5}},"37":{"start":{"line":144,"column":6},"end":{"line":144,"column":43}},"38":{"start":{"line":145,"column":6},"end":{"line":145,"column":33}},"39":{"start":{"line":147,"column":23},"end":{"line":147,"column":45}},"40":{"start":{"line":148,"column":4},"end":{"line":148,"column":51}},"41":{"start":{"line":149,"column":4},"end":{"line":149,"column":41}},"42":{"start":{"line":150,"column":4},"end":{"line":152,"column":5}},"43":{"start":{"line":151,"column":6},"end":{"line":151,"column":68}},"44":{"start":{"line":153,"column":4},"end":{"line":153,"column":75}},"45":{"start":{"line":154,"column":4},"end":{"line":154,"column":51}},"46":{"start":{"line":155,"column":4},"end":{"line":155,"column":48}},"47":{"start":{"line":159,"column":16},"end":{"line":159,"column":26}},"48":{"start":{"line":160,"column":18},"end":{"line":160,"column":38}},"49":{"start":{"line":161,"column":22},"end":{"line":161,"column":37}},"50":{"start":{"line":162,"column":4},"end":{"line":162,"column":49}},"51":{"start":{"line":163,"column":23},"end":{"line":163,"column":85}},"52":{"start":{"line":164,"column":48},"end":{"line":168,"column":6}},"53":{"start":{"line":169,"column":4},"end":{"line":176,"column":6}},"54":{"start":{"line":180,"column":65},"end":{"line":194,"column":6}},"55":{"start":{"line":195,"column":19},"end":{"line":195,"column":114}},"56":{"start":{"line":196,"column":4},"end":{"line":200,"column":6}},"57":{"start":{"line":204,"column":39},"end":{"line":212,"column":6}},"58":{"start":{"line":213,"column":4},"end":{"line":217,"column":6}},"59":{"start":{"line":221,"column":18},"end":{"line":221,"column":90}},"60":{"start":{"line":222,"column":21},"end":{"line":222,"column":99}},"61":{"start":{"line":222,"column":44},"end":{"line":222,"column":98}},"62":{"start":{"line":223,"column":23},"end":{"line":223,"column":86}},"63":{"start":{"line":223,"column":51},"end":{"line":223,"column":82}},"64":{"start":{"line":224,"column":26},"end":{"line":224,"column":90}},"65":{"start":{"line":224,"column":54},"end":{"line":224,"column":86}},"66":{"start":{"line":225,"column":4},"end":{"line":231,"column":6}},"67":{"start":{"line":228,"column":49},"end":{"line":228,"column":79}},"68":{"start":{"line":235,"column":26},"end":{"line":237,"column":6}},"69":{"start":{"line":238,"column":17},"end":{"line":238,"column":94}},"70":{"start":{"line":238,"column":56},"end":{"line":238,"column":86}},"71":{"start":{"line":239,"column":19},"end":{"line":239,"column":98}},"72":{"start":{"line":239,"column":58},"end":{"line":239,"column":90}},"73":{"start":{"line":240,"column":20},"end":{"line":240,"column":99}},"74":{"start":{"line":240,"column":59},"end":{"line":240,"column":91}},"75":{"start":{"line":241,"column":4},"end":{"line":249,"column":6}},"76":{"start":{"line":253,"column":4},"end":{"line":255,"column":5}},"77":{"start":{"line":254,"column":6},"end":{"line":254,"column":68}},"78":{"start":{"line":256,"column":15},"end":{"line":256,"column":25}},"79":{"start":{"line":257,"column":17},"end":{"line":257,"column":29}},"80":{"start":{"line":258,"column":4},"end":{"line":258,"column":71}},"81":{"start":{"line":258,"column":34},"end":{"line":258,"column":71}},"82":{"start":{"line":259,"column":4},"end":{"line":259,"column":72}},"83":{"start":{"line":259,"column":35},"end":{"line":259,"column":72}},"84":{"start":{"line":260,"column":4},"end":{"line":260,"column":75}},"85":{"start":{"line":260,"column":36},"end":{"line":260,"column":75}},"86":{"start":{"line":261,"column":4},"end":{"line":261,"column":24}},"87":{"start":{"line":265,"column":4},"end":{"line":265,"column":95}},"88":{"start":{"line":269,"column":4},"end":{"line":269,"column":85}},"89":{"start":{"line":269,"column":32},"end":{"line":269,"column":85}},"90":{"start":{"line":269,"column":65},"end":{"line":269,"column":83}},"91":{"start":{"line":270,"column":4},"end":{"line":270,"column":77}},"92":{"start":{"line":270,"column":49},"end":{"line":270,"column":77}},"93":{"start":{"line":271,"column":44},"end":{"line":271,"column":46}},"94":{"start":{"line":272,"column":4},"end":{"line":284,"column":5}},"95":{"start":{"line":273,"column":6},"end":{"line":278,"column":7}},"96":{"start":{"line":274,"column":8},"end":{"line":276,"column":11}},"97":{"start":{"line":275,"column":10},"end":{"line":275,"column":89}},"98":{"start":{"line":275,"column":48},"end":{"line":275,"column":89}},"99":{"start":{"line":277,"column":8},"end":{"line":277,"column":17}},"100":{"start":{"line":279,"column":6},"end":{"line":282,"column":7}},"101":{"start":{"line":280,"column":8},"end":{"line":280,"column":81}},"102":{"start":{"line":280,"column":47},"end":{"line":280,"column":81}},"103":{"start":{"line":281,"column":8},"end":{"line":281,"column":17}},"104":{"start":{"line":283,"column":6},"end":{"line":283,"column":32}},"105":{"start":{"line":285,"column":4},"end":{"line":285,"column":37}},"106":{"start":{"line":11,"column":13},"end":{"line":11,"column":29}},"107":{"start":{"line":11,"column":13},"end":{"line":287,"column":null}}},"fnMap":{"0":{"name":"(anonymous_2)","decl":{"start":{"line":12,"column":2},"end":{"line":12,"column":31}},"loc":{"start":{"line":12,"column":52},"end":{"line":12,"column":56}}},"1":{"name":"(anonymous_3)","decl":{"start":{"line":14,"column":2},"end":{"line":14,"column":7}},"loc":{"start":{"line":14,"column":41},"end":{"line":45,"column":3}}},"2":{"name":"(anonymous_4)","decl":{"start":{"line":47,"column":2},"end":{"line":47,"column":7}},"loc":{"start":{"line":47,"column":39},"end":{"line":80,"column":3}}},"3":{"name":"(anonymous_5)","decl":{"start":{"line":82,"column":2},"end":{"line":82,"column":7}},"loc":{"start":{"line":82,"column":46},"end":{"line":91,"column":3}}},"4":{"name":"(anonymous_6)","decl":{"start":{"line":93,"column":2},"end":{"line":93,"column":7}},"loc":{"start":{"line":93,"column":38},"end":{"line":102,"column":3}}},"5":{"name":"(anonymous_7)","decl":{"start":{"line":104,"column":2},"end":{"line":104,"column":7}},"loc":{"start":{"line":104,"column":17},"end":{"line":106,"column":3}}},"6":{"name":"(anonymous_8)","decl":{"start":{"line":108,"column":2},"end":{"line":108,"column":7}},"loc":{"start":{"line":108,"column":46},"end":{"line":111,"column":3}}},"7":{"name":"(anonymous_9)","decl":{"start":{"line":113,"column":2},"end":{"line":113,"column":7}},"loc":{"start":{"line":113,"column":24},"end":{"line":128,"column":3}}},"8":{"name":"(anonymous_10)","decl":{"start":{"line":115,"column":49},"end":{"line":115,"column":50}},"loc":{"start":{"line":115,"column":58},"end":{"line":115,"column":74}}},"9":{"name":"(anonymous_11)","decl":{"start":{"line":118,"column":11},"end":{"line":118,"column":12}},"loc":{"start":{"line":119,"column":8},"end":{"line":124,"column":20}}},"10":{"name":"(anonymous_12)","decl":{"start":{"line":120,"column":15},"end":{"line":120,"column":16}},"loc":{"start":{"line":120,"column":23},"end":{"line":123,"column":11}}},"11":{"name":"(anonymous_13)","decl":{"start":{"line":130,"column":2},"end":{"line":130,"column":7}},"loc":{"start":{"line":130,"column":39},"end":{"line":156,"column":3}}},"12":{"name":"(anonymous_14)","decl":{"start":{"line":158,"column":10},"end":{"line":158,"column":15}},"loc":{"start":{"line":158,"column":51},"end":{"line":177,"column":3}}},"13":{"name":"(anonymous_15)","decl":{"start":{"line":179,"column":10},"end":{"line":179,"column":15}},"loc":{"start":{"line":179,"column":52},"end":{"line":201,"column":3}}},"14":{"name":"(anonymous_16)","decl":{"start":{"line":203,"column":10},"end":{"line":203,"column":15}},"loc":{"start":{"line":203,"column":44},"end":{"line":218,"column":3}}},"15":{"name":"(anonymous_17)","decl":{"start":{"line":220,"column":10},"end":{"line":220,"column":15}},"loc":{"start":{"line":220,"column":32},"end":{"line":232,"column":3}}},"16":{"name":"(anonymous_18)","decl":{"start":{"line":222,"column":34},"end":{"line":222,"column":35}},"loc":{"start":{"line":222,"column":44},"end":{"line":222,"column":98}}},"17":{"name":"(anonymous_19)","decl":{"start":{"line":223,"column":36},"end":{"line":223,"column":37}},"loc":{"start":{"line":223,"column":51},"end":{"line":223,"column":82}}},"18":{"name":"(anonymous_20)","decl":{"start":{"line":224,"column":39},"end":{"line":224,"column":40}},"loc":{"start":{"line":224,"column":54},"end":{"line":224,"column":86}}},"19":{"name":"(anonymous_21)","decl":{"start":{"line":228,"column":39},"end":{"line":228,"column":40}},"loc":{"start":{"line":228,"column":49},"end":{"line":228,"column":79}}},"20":{"name":"(anonymous_22)","decl":{"start":{"line":234,"column":10},"end":{"line":234,"column":15}},"loc":{"start":{"line":234,"column":52},"end":{"line":250,"column":3}}},"21":{"name":"(anonymous_23)","decl":{"start":{"line":238,"column":38},"end":{"line":238,"column":39}},"loc":{"start":{"line":238,"column":56},"end":{"line":238,"column":86}}},"22":{"name":"(anonymous_24)","decl":{"start":{"line":239,"column":40},"end":{"line":239,"column":41}},"loc":{"start":{"line":239,"column":58},"end":{"line":239,"column":90}}},"23":{"name":"(anonymous_25)","decl":{"start":{"line":240,"column":41},"end":{"line":240,"column":42}},"loc":{"start":{"line":240,"column":59},"end":{"line":240,"column":91}}},"24":{"name":"(anonymous_26)","decl":{"start":{"line":252,"column":10},"end":{"line":252,"column":22}},"loc":{"start":{"line":252,"column":47},"end":{"line":262,"column":3}}},"25":{"name":"(anonymous_27)","decl":{"start":{"line":264,"column":10},"end":{"line":264,"column":20}},"loc":{"start":{"line":264,"column":32},"end":{"line":266,"column":3}}},"26":{"name":"(anonymous_28)","decl":{"start":{"line":268,"column":10},"end":{"line":268,"column":17}},"loc":{"start":{"line":268,"column":34},"end":{"line":286,"column":3}}},"27":{"name":"(anonymous_29)","decl":{"start":{"line":269,"column":55},"end":{"line":269,"column":56}},"loc":{"start":{"line":269,"column":65},"end":{"line":269,"column":83}}},"28":{"name":"(anonymous_30)","decl":{"start":{"line":274,"column":22},"end":{"line":274,"column":23}},"loc":{"start":{"line":274,"column":38},"end":{"line":276,"column":9}}}},"branchMap":{"0":{"loc":{"start":{"line":72,"column":25},"end":{"line":72,"column":51}},"type":"binary-expr","locations":[{"start":{"line":72,"column":25},"end":{"line":72,"column":46}},{"start":{"line":72,"column":50},"end":{"line":72,"column":51}}]},"1":{"loc":{"start":{"line":73,"column":26},"end":{"line":73,"column":53}},"type":"binary-expr","locations":[{"start":{"line":73,"column":26},"end":{"line":73,"column":48}},{"start":{"line":73,"column":52},"end":{"line":73,"column":53}}]},"2":{"loc":{"start":{"line":74,"column":28},"end":{"line":74,"column":57}},"type":"binary-expr","locations":[{"start":{"line":74,"column":28},"end":{"line":74,"column":52}},{"start":{"line":74,"column":56},"end":{"line":74,"column":57}}]},"3":{"loc":{"start":{"line":75,"column":25},"end":{"line":75,"column":51}},"type":"binary-expr","locations":[{"start":{"line":75,"column":25},"end":{"line":75,"column":46}},{"start":{"line":75,"column":50},"end":{"line":75,"column":51}}]},"4":{"loc":{"start":{"line":76,"column":22},"end":{"line":76,"column":45}},"type":"binary-expr","locations":[{"start":{"line":76,"column":22},"end":{"line":76,"column":40}},{"start":{"line":76,"column":44},"end":{"line":76,"column":45}}]},"5":{"loc":{"start":{"line":121,"column":26},"end":{"line":121,"column":40}},"type":"binary-expr","locations":[{"start":{"line":121,"column":26},"end":{"line":121,"column":34}},{"start":{"line":121,"column":38},"end":{"line":121,"column":40}}]},"6":{"loc":{"start":{"line":195,"column":19},"end":{"line":195,"column":114}},"type":"cond-expr","locations":[{"start":{"line":195,"column":37},"end":{"line":195,"column":97}},{"start":{"line":195,"column":100},"end":{"line":195,"column":114}}]},"7":{"loc":{"start":{"line":216,"column":26},"end":{"line":216,"column":95}},"type":"cond-expr","locations":[{"start":{"line":216,"column":37},"end":{"line":216,"column":91}},{"start":{"line":216,"column":94},"end":{"line":216,"column":95}}]},"8":{"loc":{"start":{"line":229,"column":28},"end":{"line":229,"column":100}},"type":"cond-expr","locations":[{"start":{"line":229,"column":41},"end":{"line":229,"column":96}},{"start":{"line":229,"column":99},"end":{"line":229,"column":100}}]},"9":{"loc":{"start":{"line":246,"column":31},"end":{"line":248,"column":11}},"type":"cond-expr","locations":[{"start":{"line":247,"column":10},"end":{"line":247,"column":66}},{"start":{"line":248,"column":10},"end":{"line":248,"column":11}}]},"10":{"loc":{"start":{"line":253,"column":4},"end":{"line":255,"column":5}},"type":"if","locations":[{"start":{"line":253,"column":4},"end":{"line":255,"column":5}}]},"11":{"loc":{"start":{"line":253,"column":8},"end":{"line":253,"column":59}},"type":"binary-expr","locations":[{"start":{"line":253,"column":8},"end":{"line":253,"column":33}},{"start":{"line":253,"column":37},"end":{"line":253,"column":47}},{"start":{"line":253,"column":51},"end":{"line":253,"column":59}}]},"12":{"loc":{"start":{"line":258,"column":4},"end":{"line":258,"column":71}},"type":"if","locations":[{"start":{"line":258,"column":4},"end":{"line":258,"column":71}}]},"13":{"loc":{"start":{"line":259,"column":4},"end":{"line":259,"column":72}},"type":"if","locations":[{"start":{"line":259,"column":4},"end":{"line":259,"column":72}}]},"14":{"loc":{"start":{"line":260,"column":4},"end":{"line":260,"column":75}},"type":"if","locations":[{"start":{"line":260,"column":4},"end":{"line":260,"column":75}}]},"15":{"loc":{"start":{"line":269,"column":4},"end":{"line":269,"column":85}},"type":"if","locations":[{"start":{"line":269,"column":4},"end":{"line":269,"column":85}}]},"16":{"loc":{"start":{"line":270,"column":4},"end":{"line":270,"column":77}},"type":"if","locations":[{"start":{"line":270,"column":4},"end":{"line":270,"column":77}}]},"17":{"loc":{"start":{"line":270,"column":8},"end":{"line":270,"column":47}},"type":"binary-expr","locations":[{"start":{"line":270,"column":8},"end":{"line":270,"column":16}},{"start":{"line":270,"column":20},"end":{"line":270,"column":47}}]},"18":{"loc":{"start":{"line":273,"column":6},"end":{"line":278,"column":7}},"type":"if","locations":[{"start":{"line":273,"column":6},"end":{"line":278,"column":7}}]},"19":{"loc":{"start":{"line":279,"column":6},"end":{"line":282,"column":7}},"type":"if","locations":[{"start":{"line":279,"column":6},"end":{"line":282,"column":7}}]},"20":{"loc":{"start":{"line":279,"column":10},"end":{"line":279,"column":72}},"type":"binary-expr","locations":[{"start":{"line":279,"column":10},"end":{"line":279,"column":15}},{"start":{"line":279,"column":19},"end":{"line":279,"column":44}},{"start":{"line":279,"column":48},"end":{"line":279,"column":72}}]},"21":{"loc":{"start":{"line":285,"column":11},"end":{"line":285,"column":36}},"type":"cond-expr","locations":[{"start":{"line":285,"column":25},"end":{"line":285,"column":29}},{"start":{"line":285,"column":32},"end":{"line":285,"column":36}}]},"22":{"loc":{"start":{"line":12,"column":39},"end":{"line":12,"column":55}},"type":"cond-expr","locations":[{"start":{"line":12,"column":52},"end":{"line":12,"column":55}},{"start":{"line":12,"column":52},"end":{"line":12,"column":55}}]},"23":{"loc":{"start":{"line":12,"column":39},"end":{"line":12,"column":52}},"type":"binary-expr","locations":[{"start":{"line":12,"column":39},"end":{"line":12,"column":55}},{"start":{"line":12,"column":39},"end":{"line":12,"column":52}}]}},"s":{"0":1,"1":1,"2":1,"3":6,"4":3,"5":3,"6":3,"7":1,"8":1,"9":1,"10":1,"11":1,"12":1,"13":1,"14":1,"15":1,"16":1,"17":1,"18":1,"19":1,"20":1,"21":2,"22":2,"23":11,"24":2,"25":2,"26":11,"27":44,"28":44,"29":2,"30":1,"31":1,"32":1,"33":1,"34":1,"35":1,"36":1,"37":5,"38":5,"39":1,"40":1,"41":1,"42":1,"43":5,"44":1,"45":1,"46":1,"47":3,"48":3,"49":3,"50":3,"51":3,"52":3,"53":3,"54":4,"55":4,"56":4,"57":4,"58":4,"59":4,"60":4,"61":6,"62":4,"63":6,"64":4,"65":6,"66":4,"67":6,"68":4,"69":4,"70":6,"71":4,"72":6,"73":4,"74":6,"75":4,"76":7,"77":1,"78":6,"79":6,"80":6,"81":1,"82":6,"83":1,"84":6,"85":4,"86":6,"87":3,"88":8,"89":1,"90":0,"91":7,"92":0,"93":7,"94":7,"95":17,"96":2,"97":2,"98":4,"99":2,"100":15,"101":4,"102":9,"103":4,"104":11,"105":7,"106":1,"107":1},"f":{"0":6,"1":3,"2":1,"3":1,"4":1,"5":1,"6":1,"7":2,"8":11,"9":11,"10":44,"11":1,"12":3,"13":4,"14":4,"15":4,"16":6,"17":6,"18":6,"19":6,"20":4,"21":6,"22":6,"23":6,"24":7,"25":3,"26":8,"27":0,"28":2},"b":{"0":[1,0],"1":[1,0],"2":[1,0],"3":[1,0],"4":[1,0],"5":[44,7],"6":[3,1],"7":[3,1],"8":[3,1],"9":[3,1],"10":[1],"11":[7,1,1],"12":[1],"13":[1],"14":[4],"15":[1],"16":[0],"17":[7,7],"18":[2],"19":[4],"20":[15,14,6],"21":[7,0],"22":[1,0],"23":[1,1]}}
,"C:\\Users\\Tejas\\.gemini\\antigravity-ide\\scratch\\hasumane\\backend\\src\\modules\\audit\\audit-log.service.ts": {"path":"C:\\Users\\Tejas\\.gemini\\antigravity-ide\\scratch\\hasumane\\backend\\src\\modules\\audit\\audit-log.service.ts","statementMap":{"0":{"start":{"line":1,"column":0},"end":{"line":1,"column":44}},"1":{"start":{"line":4,"column":0},"end":{"line":4,"column":86}},"2":{"start":{"line":5,"column":0},"end":{"line":5,"column":63}},"3":{"start":{"line":21,"column":7},"end":{"line":138,"column":null}},"4":{"start":{"line":22,"column":31},"end":{"line":22,"column":39}},"5":{"start":{"line":25,"column":19},"end":{"line":25,"column":58}},"6":{"start":{"line":26,"column":4},"end":{"line":40,"column":7}},"7":{"start":{"line":44,"column":40},"end":{"line":44,"column":60}},"8":{"start":{"line":45,"column":18},"end":{"line":45,"column":40}},"9":{"start":{"line":46,"column":31},"end":{"line":54,"column":6}},"10":{"start":{"line":56,"column":4},"end":{"line":59,"column":6}},"11":{"start":{"line":63,"column":18},"end":{"line":63,"column":40}},"12":{"start":{"line":64,"column":61},"end":{"line":90,"column":6}},"13":{"start":{"line":92,"column":4},"end":{"line":99,"column":6}},"14":{"start":{"line":94,"column":59},"end":{"line":97,"column":8}},"15":{"start":{"line":103,"column":45},"end":{"line":103,"column":47}},"16":{"start":{"line":104,"column":4},"end":{"line":106,"column":5}},"17":{"start":{"line":105,"column":6},"end":{"line":105,"column":78}},"18":{"start":{"line":107,"column":4},"end":{"line":116,"column":5}},"19":{"start":{"line":108,"column":6},"end":{"line":115,"column":9}},"20":{"start":{"line":118,"column":45},"end":{"line":130,"column":6}},"21":{"start":{"line":131,"column":4},"end":{"line":131,"column":55}},"22":{"start":{"line":135,"column":4},"end":{"line":135,"column":46}},"23":{"start":{"line":135,"column":29},"end":{"line":135,"column":46}},"24":{"start":{"line":136,"column":4},"end":{"line":136,"column":70}},"25":{"start":{"line":21,"column":13},"end":{"line":21,"column":28}},"26":{"start":{"line":21,"column":13},"end":{"line":138,"column":null}}},"fnMap":{"0":{"name":"(anonymous_2)","decl":{"start":{"line":22,"column":2},"end":{"line":22,"column":31}},"loc":{"start":{"line":22,"column":52},"end":{"line":22,"column":56}}},"1":{"name":"(anonymous_3)","decl":{"start":{"line":24,"column":2},"end":{"line":24,"column":7}},"loc":{"start":{"line":24,"column":37},"end":{"line":41,"column":3}}},"2":{"name":"(anonymous_4)","decl":{"start":{"line":43,"column":2},"end":{"line":43,"column":7}},"loc":{"start":{"line":43,"column":36},"end":{"line":60,"column":3}}},"3":{"name":"(anonymous_5)","decl":{"start":{"line":62,"column":2},"end":{"line":62,"column":7}},"loc":{"start":{"line":62,"column":41},"end":{"line":100,"column":3}}},"4":{"name":"(anonymous_6)","decl":{"start":{"line":94,"column":44},"end":{"line":94,"column":45}},"loc":{"start":{"line":94,"column":59},"end":{"line":97,"column":8}}},"5":{"name":"(anonymous_7)","decl":{"start":{"line":102,"column":10},"end":{"line":102,"column":20}},"loc":{"start":{"line":102,"column":44},"end":{"line":132,"column":3}}},"6":{"name":"(anonymous_8)","decl":{"start":{"line":134,"column":10},"end":{"line":134,"column":19}},"loc":{"start":{"line":134,"column":34},"end":{"line":137,"column":3}}}},"branchMap":{"0":{"loc":{"start":{"line":25,"column":19},"end":{"line":25,"column":58}},"type":"binary-expr","locations":[{"start":{"line":25,"column":19},"end":{"line":25,"column":31}},{"start":{"line":25,"column":35},"end":{"line":25,"column":58}}]},"1":{"loc":{"start":{"line":95,"column":16},"end":{"line":95,"column":43}},"type":"binary-expr","locations":[{"start":{"line":95,"column":16},"end":{"line":95,"column":31}},{"start":{"line":95,"column":35},"end":{"line":95,"column":43}}]},"2":{"loc":{"start":{"line":104,"column":4},"end":{"line":106,"column":5}},"type":"if","locations":[{"start":{"line":104,"column":4},"end":{"line":106,"column":5}}]},"3":{"loc":{"start":{"line":107,"column":4},"end":{"line":116,"column":5}},"type":"if","locations":[{"start":{"line":107,"column":4},"end":{"line":116,"column":5}}]},"4":{"loc":{"start":{"line":119,"column":10},"end":{"line":119,"column":54}},"type":"cond-expr","locations":[{"start":{"line":119,"column":25},"end":{"line":119,"column":49}},{"start":{"line":119,"column":52},"end":{"line":119,"column":54}}]},"5":{"loc":{"start":{"line":120,"column":10},"end":{"line":120,"column":66}},"type":"cond-expr","locations":[{"start":{"line":120,"column":29},"end":{"line":120,"column":61}},{"start":{"line":120,"column":64},"end":{"line":120,"column":66}}]},"6":{"loc":{"start":{"line":121,"column":10},"end":{"line":121,"column":54}},"type":"cond-expr","locations":[{"start":{"line":121,"column":25},"end":{"line":121,"column":49}},{"start":{"line":121,"column":52},"end":{"line":121,"column":54}}]},"7":{"loc":{"start":{"line":122,"column":10},"end":{"line":129,"column":12}},"type":"cond-expr","locations":[{"start":{"line":123,"column":10},"end":{"line":128,"column":null}},{"start":{"line":129,"column":10},"end":{"line":129,"column":12}}]},"8":{"loc":{"start":{"line":122,"column":10},"end":{"line":122,"column":32}},"type":"binary-expr","locations":[{"start":{"line":122,"column":10},"end":{"line":122,"column":20}},{"start":{"line":122,"column":24},"end":{"line":122,"column":32}}]},"9":{"loc":{"start":{"line":125,"column":18},"end":{"line":125,"column":65}},"type":"cond-expr","locations":[{"start":{"line":125,"column":31},"end":{"line":125,"column":60}},{"start":{"line":125,"column":63},"end":{"line":125,"column":65}}]},"10":{"loc":{"start":{"line":126,"column":18},"end":{"line":126,"column":61}},"type":"cond-expr","locations":[{"start":{"line":126,"column":29},"end":{"line":126,"column":56}},{"start":{"line":126,"column":59},"end":{"line":126,"column":61}}]},"11":{"loc":{"start":{"line":131,"column":11},"end":{"line":131,"column":54}},"type":"cond-expr","locations":[{"start":{"line":131,"column":24},"end":{"line":131,"column":46}},{"start":{"line":131,"column":49},"end":{"line":131,"column":54}}]},"12":{"loc":{"start":{"line":135,"column":4},"end":{"line":135,"column":46}},"type":"if","locations":[{"start":{"line":135,"column":4},"end":{"line":135,"column":46}}]},"13":{"loc":{"start":{"line":22,"column":39},"end":{"line":22,"column":55}},"type":"cond-expr","locations":[{"start":{"line":22,"column":52},"end":{"line":22,"column":55}},{"start":{"line":22,"column":52},"end":{"line":22,"column":55}}]},"14":{"loc":{"start":{"line":22,"column":39},"end":{"line":22,"column":52}},"type":"binary-expr","locations":[{"start":{"line":22,"column":39},"end":{"line":22,"column":55}},{"start":{"line":22,"column":39},"end":{"line":22,"column":52}}]}},"s":{"0":1,"1":1,"2":1,"3":1,"4":4,"5":2,"6":2,"7":1,"8":1,"9":1,"10":1,"11":1,"12":1,"13":1,"14":1,"15":2,"16":2,"17":1,"18":2,"19":1,"20":2,"21":2,"22":6,"23":5,"24":1,"25":1,"26":1},"f":{"0":4,"1":2,"2":1,"3":1,"4":1,"5":2,"6":6},"b":{"0":[2,2],"1":[1,0],"2":[1],"3":[1],"4":[1,1],"5":[0,2],"6":[0,2],"7":[1,1],"8":[2,1],"9":[1,0],"10":[1,0],"11":[1,1],"12":[5],"13":[1,0],"14":[1,1]}}
,"C:\\Users\\Tejas\\.gemini\\antigravity-ide\\scratch\\hasumane\\backend\\src\\modules\\inventory\\inventory.service.ts": {"path":"C:\\Users\\Tejas\\.gemini\\antigravity-ide\\scratch\\hasumane\\backend\\src\\modules\\inventory\\inventory.service.ts","statementMap":{"0":{"start":{"line":1,"column":0},"end":{"line":1,"column":63}},"1":{"start":{"line":3,"column":0},"end":{"line":3,"column":63}},"2":{"start":{"line":7,"column":7},"end":{"line":120,"column":null}},"3":{"start":{"line":8,"column":31},"end":{"line":8,"column":39}},"4":{"start":{"line":11,"column":18},"end":{"line":15,"column":6}},"5":{"start":{"line":16,"column":4},"end":{"line":16,"column":21}},"6":{"start":{"line":20,"column":18},"end":{"line":23,"column":6}},"7":{"start":{"line":24,"column":4},"end":{"line":26,"column":6}},"8":{"start":{"line":25,"column":36},"end":{"line":25,"column":90}},"9":{"start":{"line":30,"column":18},"end":{"line":33,"column":6}},"10":{"start":{"line":34,"column":4},"end":{"line":34,"column":21}},"11":{"start":{"line":38,"column":22},"end":{"line":43,"column":6}},"12":{"start":{"line":44,"column":4},"end":{"line":44,"column":25}},"13":{"start":{"line":48,"column":4},"end":{"line":91,"column":7}},"14":{"start":{"line":49,"column":23},"end":{"line":49,"column":91}},"15":{"start":{"line":50,"column":6},"end":{"line":50,"column":78}},"16":{"start":{"line":50,"column":21},"end":{"line":50,"column":78}},"17":{"start":{"line":52,"column":23},"end":{"line":63,"column":8}},"18":{"start":{"line":65,"column":24},"end":{"line":65,"column":53}},"19":{"start":{"line":66,"column":22},"end":{"line":74,"column":8}},"20":{"start":{"line":76,"column":6},"end":{"line":88,"column":9}},"21":{"start":{"line":90,"column":6},"end":{"line":90,"column":41}},"22":{"start":{"line":98,"column":23},"end":{"line":98,"column":48}},"23":{"start":{"line":99,"column":24},"end":{"line":99,"column":50}},"24":{"start":{"line":100,"column":4},"end":{"line":100,"column":64}},"25":{"start":{"line":100,"column":35},"end":{"line":100,"column":64}},"26":{"start":{"line":101,"column":4},"end":{"line":101,"column":65}},"27":{"start":{"line":101,"column":36},"end":{"line":101,"column":65}},"28":{"start":{"line":102,"column":4},"end":{"line":102,"column":71}},"29":{"start":{"line":102,"column":43},"end":{"line":102,"column":71}},"30":{"start":{"line":103,"column":4},"end":{"line":103,"column":71}},"31":{"start":{"line":103,"column":41},"end":{"line":103,"column":71}},"32":{"start":{"line":104,"column":4},"end":{"line":104,"column":99}},"33":{"start":{"line":104,"column":41},"end":{"line":104,"column":99}},"34":{"start":{"line":105,"column":4},"end":{"line":108,"column":6}},"35":{"start":{"line":112,"column":4},"end":{"line":112,"column":49}},"36":{"start":{"line":112,"column":27},"end":{"line":112,"column":49}},"37":{"start":{"line":113,"column":4},"end":{"line":113,"column":77}},"38":{"start":{"line":113,"column":58},"end":{"line":113,"column":77}},"39":{"start":{"line":114,"column":4},"end":{"line":114,"column":22}},"40":{"start":{"line":118,"column":4},"end":{"line":118,"column":70}},"41":{"start":{"line":7,"column":13},"end":{"line":7,"column":29}},"42":{"start":{"line":7,"column":13},"end":{"line":120,"column":null}}},"fnMap":{"0":{"name":"(anonymous_2)","decl":{"start":{"line":8,"column":2},"end":{"line":8,"column":31}},"loc":{"start":{"line":8,"column":52},"end":{"line":8,"column":56}}},"1":{"name":"(anonymous_3)","decl":{"start":{"line":10,"column":2},"end":{"line":10,"column":7}},"loc":{"start":{"line":10,"column":12},"end":{"line":17,"column":3}}},"2":{"name":"(anonymous_4)","decl":{"start":{"line":19,"column":2},"end":{"line":19,"column":7}},"loc":{"start":{"line":19,"column":16},"end":{"line":27,"column":3}}},"3":{"name":"(anonymous_5)","decl":{"start":{"line":25,"column":26},"end":{"line":25,"column":27}},"loc":{"start":{"line":25,"column":36},"end":{"line":25,"column":90}}},"4":{"name":"(anonymous_6)","decl":{"start":{"line":29,"column":2},"end":{"line":29,"column":7}},"loc":{"start":{"line":29,"column":18},"end":{"line":35,"column":3}}},"5":{"name":"(anonymous_7)","decl":{"start":{"line":37,"column":2},"end":{"line":37,"column":7}},"loc":{"start":{"line":37,"column":42},"end":{"line":45,"column":3}}},"6":{"name":"(anonymous_8)","decl":{"start":{"line":47,"column":2},"end":{"line":47,"column":7}},"loc":{"start":{"line":47,"column":68},"end":{"line":92,"column":3}}},"7":{"name":"(anonymous_9)","decl":{"start":{"line":48,"column":36},"end":{"line":48,"column":41}},"loc":{"start":{"line":48,"column":49},"end":{"line":91,"column":5}}},"8":{"name":"(anonymous_10)","decl":{"start":{"line":94,"column":10},"end":{"line":94,"column":19}},"loc":{"start":{"line":96,"column":27},"end":{"line":109,"column":3}}},"9":{"name":"(anonymous_11)","decl":{"start":{"line":111,"column":10},"end":{"line":111,"column":16}},"loc":{"start":{"line":111,"column":59},"end":{"line":115,"column":3}}},"10":{"name":"(anonymous_12)","decl":{"start":{"line":117,"column":10},"end":{"line":117,"column":16}},"loc":{"start":{"line":117,"column":31},"end":{"line":119,"column":3}}}},"branchMap":{"0":{"loc":{"start":{"line":39,"column":36},"end":{"line":39,"column":78}},"type":"cond-expr","locations":[{"start":{"line":39,"column":54},"end":{"line":39,"column":73}},{"start":{"line":39,"column":76},"end":{"line":39,"column":78}}]},"1":{"loc":{"start":{"line":50,"column":6},"end":{"line":50,"column":78}},"type":"if","locations":[{"start":{"line":50,"column":6},"end":{"line":50,"column":78}}]},"2":{"loc":{"start":{"line":100,"column":4},"end":{"line":100,"column":64}},"type":"if","locations":[{"start":{"line":100,"column":4},"end":{"line":100,"column":64}}]},"3":{"loc":{"start":{"line":101,"column":4},"end":{"line":101,"column":65}},"type":"if","locations":[{"start":{"line":101,"column":4},"end":{"line":101,"column":65}}]},"4":{"loc":{"start":{"line":102,"column":4},"end":{"line":102,"column":71}},"type":"if","locations":[{"start":{"line":102,"column":4},"end":{"line":102,"column":71}}]},"5":{"loc":{"start":{"line":103,"column":4},"end":{"line":103,"column":71}},"type":"if","locations":[{"start":{"line":103,"column":4},"end":{"line":103,"column":71}}]},"6":{"loc":{"start":{"line":104,"column":4},"end":{"line":104,"column":99}},"type":"if","locations":[{"start":{"line":104,"column":4},"end":{"line":104,"column":99}}]},"7":{"loc":{"start":{"line":112,"column":4},"end":{"line":112,"column":49}},"type":"if","locations":[{"start":{"line":112,"column":4},"end":{"line":112,"column":49}}]},"8":{"loc":{"start":{"line":113,"column":4},"end":{"line":113,"column":77}},"type":"if","locations":[{"start":{"line":113,"column":4},"end":{"line":113,"column":77}}]},"9":{"loc":{"start":{"line":113,"column":8},"end":{"line":113,"column":56}},"type":"binary-expr","locations":[{"start":{"line":113,"column":8},"end":{"line":113,"column":24}},{"start":{"line":113,"column":28},"end":{"line":113,"column":56}}]},"10":{"loc":{"start":{"line":8,"column":39},"end":{"line":8,"column":55}},"type":"cond-expr","locations":[{"start":{"line":8,"column":52},"end":{"line":8,"column":55}},{"start":{"line":8,"column":52},"end":{"line":8,"column":55}}]},"11":{"loc":{"start":{"line":8,"column":39},"end":{"line":8,"column":52}},"type":"binary-expr","locations":[{"start":{"line":8,"column":39},"end":{"line":8,"column":55}},{"start":{"line":8,"column":39},"end":{"line":8,"column":52}}]}},"s":{"0":1,"1":1,"2":1,"3":5,"4":1,"5":1,"6":1,"7":1,"8":2,"9":1,"10":1,"11":1,"12":1,"13":5,"14":5,"15":5,"16":1,"17":4,"18":4,"19":4,"20":4,"21":4,"22":4,"23":4,"24":4,"25":0,"26":4,"27":1,"28":4,"29":1,"30":4,"31":1,"32":4,"33":1,"34":4,"35":4,"36":0,"37":4,"38":3,"39":1,"40":12,"41":1,"42":1},"f":{"0":5,"1":1,"2":1,"3":2,"4":1,"5":1,"6":5,"7":5,"8":4,"9":4,"10":12},"b":{"0":[1,0],"1":[1],"2":[0],"3":[1],"4":[1],"5":[1],"6":[1],"7":[0],"8":[3],"9":[4,4],"10":[1,0],"11":[1,1]}}
,"C:\\Users\\Tejas\\.gemini\\antigravity-ide\\scratch\\hasumane\\backend\\src\\modules\\logging\\logging.service.ts": {"path":"C:\\Users\\Tejas\\.gemini\\antigravity-ide\\scratch\\hasumane\\backend\\src\\modules\\logging\\logging.service.ts","statementMap":{"0":{"start":{"line":1,"column":0},"end":{"line":1,"column":44}},"1":{"start":{"line":3,"column":0},"end":{"line":3,"column":41}},"2":{"start":{"line":4,"column":0},"end":{"line":4,"column":86}},"3":{"start":{"line":5,"column":0},"end":{"line":5,"column":63}},"4":{"start":{"line":34,"column":7},"end":{"line":148,"column":null}},"5":{"start":{"line":37,"column":31},"end":{"line":37,"column":39}},"6":{"start":{"line":38,"column":4},"end":{"line":55,"column":7}},"7":{"start":{"line":59,"column":4},"end":{"line":59,"column":23}},"8":{"start":{"line":63,"column":4},"end":{"line":77,"column":6}},"9":{"start":{"line":79,"column":4},"end":{"line":104,"column":5}},"10":{"start":{"line":80,"column":6},"end":{"line":98,"column":9}},"11":{"start":{"line":100,"column":6},"end":{"line":103,"column":8}},"12":{"start":{"line":108,"column":40},"end":{"line":108,"column":60}},"13":{"start":{"line":109,"column":46},"end":{"line":131,"column":6}},"14":{"start":{"line":133,"column":26},"end":{"line":141,"column":6}},"15":{"start":{"line":143,"column":4},"end":{"line":146,"column":6}},"16":{"start":{"line":34,"column":13},"end":{"line":34,"column":27}},"17":{"start":{"line":34,"column":13},"end":{"line":148,"column":null}}},"fnMap":{"0":{"name":"(anonymous_3)","decl":{"start":{"line":37,"column":2},"end":{"line":37,"column":31}},"loc":{"start":{"line":37,"column":52},"end":{"line":56,"column":3}}},"1":{"name":"(anonymous_4)","decl":{"start":{"line":58,"column":2},"end":{"line":58,"column":11}},"loc":{"start":{"line":58,"column":11},"end":{"line":60,"column":3}}},"2":{"name":"(anonymous_5)","decl":{"start":{"line":62,"column":2},"end":{"line":62,"column":7}},"loc":{"start":{"line":62,"column":37},"end":{"line":105,"column":3}}},"3":{"name":"(anonymous_6)","decl":{"start":{"line":107,"column":2},"end":{"line":107,"column":7}},"loc":{"start":{"line":107,"column":31},"end":{"line":147,"column":3}}}},"branchMap":{"0":{"loc":{"start":{"line":39,"column":13},"end":{"line":39,"column":44}},"type":"binary-expr","locations":[{"start":{"line":39,"column":13},"end":{"line":39,"column":34}},{"start":{"line":39,"column":38},"end":{"line":39,"column":44}}]},"1":{"loc":{"start":{"line":41,"column":8},"end":{"line":50,"column":null}},"type":"cond-expr","locations":[{"start":{"line":42,"column":12},"end":{"line":42,"column":21}},{"start":{"line":43,"column":12},"end":{"line":50,"column":null}}]},"2":{"loc":{"start":{"line":53,"column":21},"end":{"line":53,"column":58}},"type":"binary-expr","locations":[{"start":{"line":53,"column":21},"end":{"line":53,"column":41}},{"start":{"line":53,"column":45},"end":{"line":53,"column":58}}]},"3":{"loc":{"start":{"line":73,"column":13},"end":{"line":73,"column":71}},"type":"cond-expr","locations":[{"start":{"line":73,"column":32},"end":{"line":73,"column":59}},{"start":{"line":73,"column":62},"end":{"line":73,"column":71}}]},"4":{"loc":{"start":{"line":94,"column":12},"end":{"line":96,"column":85}},"type":"cond-expr","locations":[{"start":{"line":95,"column":16},"end":{"line":95,"column":25}},{"start":{"line":96,"column":17},"end":{"line":96,"column":85}}]},"5":{"loc":{"start":{"line":101,"column":15},"end":{"line":101,"column":57}},"type":"cond-expr","locations":[{"start":{"line":101,"column":40},"end":{"line":101,"column":45}},{"start":{"line":101,"column":48},"end":{"line":101,"column":57}}]},"6":{"loc":{"start":{"line":110,"column":10},"end":{"line":110,"column":57}},"type":"cond-expr","locations":[{"start":{"line":110,"column":27},"end":{"line":110,"column":52}},{"start":{"line":110,"column":55},"end":{"line":110,"column":57}}]},"7":{"loc":{"start":{"line":111,"column":10},"end":{"line":111,"column":54}},"type":"cond-expr","locations":[{"start":{"line":111,"column":25},"end":{"line":111,"column":49}},{"start":{"line":111,"column":52},"end":{"line":111,"column":54}}]},"8":{"loc":{"start":{"line":112,"column":10},"end":{"line":112,"column":60}},"type":"cond-expr","locations":[{"start":{"line":112,"column":27},"end":{"line":112,"column":55}},{"start":{"line":112,"column":58},"end":{"line":112,"column":60}}]},"9":{"loc":{"start":{"line":113,"column":10},"end":{"line":122,"column":12}},"type":"cond-expr","locations":[{"start":{"line":114,"column":10},"end":{"line":121,"column":null}},{"start":{"line":122,"column":10},"end":{"line":122,"column":12}}]},"10":{"loc":{"start":{"line":123,"column":10},"end":{"line":130,"column":12}},"type":"cond-expr","locations":[{"start":{"line":124,"column":10},"end":{"line":129,"column":null}},{"start":{"line":130,"column":10},"end":{"line":130,"column":12}}]},"11":{"loc":{"start":{"line":123,"column":10},"end":{"line":123,"column":32}},"type":"binary-expr","locations":[{"start":{"line":123,"column":10},"end":{"line":123,"column":20}},{"start":{"line":123,"column":24},"end":{"line":123,"column":32}}]},"12":{"loc":{"start":{"line":126,"column":18},"end":{"line":126,"column":65}},"type":"cond-expr","locations":[{"start":{"line":126,"column":31},"end":{"line":126,"column":60}},{"start":{"line":126,"column":63},"end":{"line":126,"column":65}}]},"13":{"loc":{"start":{"line":127,"column":18},"end":{"line":127,"column":61}},"type":"cond-expr","locations":[{"start":{"line":127,"column":29},"end":{"line":127,"column":56}},{"start":{"line":127,"column":59},"end":{"line":127,"column":61}}]},"14":{"loc":{"start":{"line":37,"column":39},"end":{"line":37,"column":null}},"type":"cond-expr","locations":[{"start":{"line":37,"column":52},"end":{"line":37,"column":null}},{"start":{"line":37,"column":52},"end":{"line":37,"column":null}}]},"15":{"loc":{"start":{"line":37,"column":39},"end":{"line":37,"column":52}},"type":"binary-expr","locations":[{"start":{"line":37,"column":39},"end":{"line":37,"column":null}},{"start":{"line":37,"column":39},"end":{"line":37,"column":52}}]}},"s":{"0":1,"1":1,"2":1,"3":1,"4":1,"5":7,"6":7,"7":2,"8":2,"9":2,"10":2,"11":1,"12":3,"13":3,"14":3,"15":3,"16":1,"17":1},"f":{"0":7,"1":2,"2":2,"3":3},"b":{"0":[7,0],"1":[6,1],"2":[7,0],"3":[1,1],"4":[2,0],"5":[1,0],"6":[1,2],"7":[1,2],"8":[1,2],"9":[1,2],"10":[1,2],"11":[3,2],"12":[1,0],"13":[1,0],"14":[1,0],"15":[1,1]}}
,"C:\\Users\\Tejas\\.gemini\\antigravity-ide\\scratch\\hasumane\\backend\\src\\modules\\monitoring\\metrics.service.ts": {"path":"C:\\Users\\Tejas\\.gemini\\antigravity-ide\\scratch\\hasumane\\backend\\src\\modules\\monitoring\\metrics.service.ts","statementMap":{"0":{"start":{"line":1,"column":0},"end":{"line":1,"column":44}},"1":{"start":{"line":2,"column":0},"end":{"line":2,"column":46}},"2":{"start":{"line":3,"column":0},"end":{"line":3,"column":63}},"3":{"start":{"line":13,"column":7},"end":{"line":96,"column":null}},"4":{"start":{"line":14,"column":22},"end":{"line":14,"column":32}},"5":{"start":{"line":15,"column":26},"end":{"line":15,"column":27}},"6":{"start":{"line":16,"column":24},"end":{"line":16,"column":25}},"7":{"start":{"line":17,"column":28},"end":{"line":17,"column":29}},"8":{"start":{"line":18,"column":36},"end":{"line":18,"column":38}},"9":{"start":{"line":19,"column":25},"end":{"line":19,"column":43}},"10":{"start":{"line":20,"column":25},"end":{"line":20,"column":42}},"11":{"start":{"line":22,"column":31},"end":{"line":22,"column":39}},"12":{"start":{"line":25,"column":4},"end":{"line":25,"column":28}},"13":{"start":{"line":26,"column":4},"end":{"line":26,"column":46}},"14":{"start":{"line":27,"column":4},"end":{"line":27,"column":56}},"15":{"start":{"line":27,"column":34},"end":{"line":27,"column":56}},"16":{"start":{"line":28,"column":4},"end":{"line":28,"column":32}},"17":{"start":{"line":29,"column":4},"end":{"line":29,"column":28}},"18":{"start":{"line":33,"column":19},"end":{"line":33,"column":40}},"19":{"start":{"line":34,"column":28},"end":{"line":34,"column":94}},"20":{"start":{"line":35,"column":23},"end":{"line":35,"column":40}},"21":{"start":{"line":36,"column":40},"end":{"line":44,"column":6}},"22":{"start":{"line":45,"column":18},"end":{"line":76,"column":6}},"23":{"start":{"line":78,"column":4},"end":{"line":78,"column":35}},"24":{"start":{"line":82,"column":4},"end":{"line":82,"column":54}},"25":{"start":{"line":86,"column":25},"end":{"line":86,"column":43}},"26":{"start":{"line":87,"column":25},"end":{"line":87,"column":42}},"27":{"start":{"line":88,"column":23},"end":{"line":88,"column":65}},"28":{"start":{"line":89,"column":25},"end":{"line":89,"column":71}},"29":{"start":{"line":90,"column":26},"end":{"line":90,"column":67}},"30":{"start":{"line":91,"column":4},"end":{"line":91,"column":37}},"31":{"start":{"line":92,"column":4},"end":{"line":92,"column":37}},"32":{"start":{"line":93,"column":4},"end":{"line":93,"column":37}},"33":{"start":{"line":93,"column":28},"end":{"line":93,"column":37}},"34":{"start":{"line":94,"column":4},"end":{"line":94,"column":78}},"35":{"start":{"line":13,"column":13},"end":{"line":13,"column":27}},"36":{"start":{"line":13,"column":13},"end":{"line":96,"column":null}}},"fnMap":{"0":{"name":"(anonymous_2)","decl":{"start":{"line":22,"column":2},"end":{"line":22,"column":31}},"loc":{"start":{"line":22,"column":52},"end":{"line":22,"column":56}}},"1":{"name":"(anonymous_3)","decl":{"start":{"line":24,"column":2},"end":{"line":24,"column":12}},"loc":{"start":{"line":24,"column":34},"end":{"line":30,"column":3}}},"2":{"name":"(anonymous_4)","decl":{"start":{"line":32,"column":2},"end":{"line":32,"column":7}},"loc":{"start":{"line":32,"column":18},"end":{"line":79,"column":3}}},"3":{"name":"(anonymous_5)","decl":{"start":{"line":81,"column":10},"end":{"line":81,"column":20}},"loc":{"start":{"line":81,"column":36},"end":{"line":83,"column":3}}},"4":{"name":"(anonymous_6)","decl":{"start":{"line":85,"column":10},"end":{"line":85,"column":20}},"loc":{"start":{"line":85,"column":20},"end":{"line":95,"column":3}}}},"branchMap":{"0":{"loc":{"start":{"line":27,"column":4},"end":{"line":27,"column":56}},"type":"if","locations":[{"start":{"line":27,"column":4},"end":{"line":27,"column":56}}]},"1":{"loc":{"start":{"line":34,"column":28},"end":{"line":34,"column":94}},"type":"cond-expr","locations":[{"start":{"line":34,"column":49},"end":{"line":34,"column":90}},{"start":{"line":34,"column":93},"end":{"line":34,"column":94}}]},"2":{"loc":{"start":{"line":93,"column":4},"end":{"line":93,"column":37}},"type":"if","locations":[{"start":{"line":93,"column":4},"end":{"line":93,"column":37}}]},"3":{"loc":{"start":{"line":22,"column":39},"end":{"line":22,"column":55}},"type":"cond-expr","locations":[{"start":{"line":22,"column":52},"end":{"line":22,"column":55}},{"start":{"line":22,"column":52},"end":{"line":22,"column":55}}]},"4":{"loc":{"start":{"line":22,"column":39},"end":{"line":22,"column":52}},"type":"binary-expr","locations":[{"start":{"line":22,"column":39},"end":{"line":22,"column":55}},{"start":{"line":22,"column":39},"end":{"line":22,"column":52}}]}},"s":{"0":1,"1":1,"2":1,"3":1,"4":2,"5":2,"6":2,"7":2,"8":2,"9":2,"10":2,"11":2,"12":2,"13":2,"14":2,"15":1,"16":2,"17":2,"18":2,"19":2,"20":2,"21":2,"22":2,"23":2,"24":2,"25":2,"26":2,"27":2,"28":2,"29":2,"30":2,"31":2,"32":2,"33":0,"34":2,"35":1,"36":1},"f":{"0":2,"1":2,"2":2,"3":2,"4":2},"b":{"0":[1],"1":[1,1],"2":[0],"3":[1,0],"4":[1,1]}}
,"C:\\Users\\Tejas\\.gemini\\antigravity-ide\\scratch\\hasumane\\backend\\src\\modules\\notifications\\notification.service.ts": {"path":"C:\\Users\\Tejas\\.gemini\\antigravity-ide\\scratch\\hasumane\\backend\\src\\modules\\notifications\\notification.service.ts","statementMap":{"0":{"start":{"line":1,"column":0},"end":{"line":1,"column":84}},"1":{"start":{"line":2,"column":0},"end":{"line":2,"column":63}},"2":{"start":{"line":3,"column":0},"end":{"line":3,"column":64}},"3":{"start":{"line":6,"column":7},"end":{"line":61,"column":null}},"4":{"start":{"line":8,"column":21},"end":{"line":8,"column":29}},"5":{"start":{"line":9,"column":21},"end":{"line":9,"column":38}},"6":{"start":{"line":13,"column":26},"end":{"line":17,"column":6}},"7":{"start":{"line":18,"column":4},"end":{"line":18,"column":29}},"8":{"start":{"line":22,"column":21},"end":{"line":24,"column":6}},"9":{"start":{"line":25,"column":4},"end":{"line":25,"column":74}},"10":{"start":{"line":25,"column":19},"end":{"line":25,"column":74}},"11":{"start":{"line":26,"column":4},"end":{"line":28,"column":5}},"12":{"start":{"line":27,"column":6},"end":{"line":27,"column":91}},"13":{"start":{"line":31,"column":6},"end":{"line":33,"column":11}},"14":{"start":{"line":35,"column":25},"end":{"line":47,"column":6}},"15":{"start":{"line":49,"column":4},"end":{"line":57,"column":7}},"16":{"start":{"line":59,"column":4},"end":{"line":59,"column":28}},"17":{"start":{"line":6,"column":13},"end":{"line":6,"column":32}},"18":{"start":{"line":6,"column":13},"end":{"line":61,"column":null}}},"fnMap":{"0":{"name":"(anonymous_2)","decl":{"start":{"line":7,"column":2},"end":{"line":7,"column":null}},"loc":{"start":{"line":9,"column":53},"end":{"line":10,"column":6}}},"1":{"name":"(anonymous_3)","decl":{"start":{"line":12,"column":2},"end":{"line":12,"column":7}},"loc":{"start":{"line":12,"column":67},"end":{"line":19,"column":3}}},"2":{"name":"(anonymous_4)","decl":{"start":{"line":21,"column":2},"end":{"line":21,"column":7}},"loc":{"start":{"line":21,"column":42},"end":{"line":60,"column":3}}}},"branchMap":{"0":{"loc":{"start":{"line":25,"column":4},"end":{"line":25,"column":74}},"type":"if","locations":[{"start":{"line":25,"column":4},"end":{"line":25,"column":74}}]},"1":{"loc":{"start":{"line":26,"column":4},"end":{"line":28,"column":5}},"type":"if","locations":[{"start":{"line":26,"column":4},"end":{"line":28,"column":5}}]},"2":{"loc":{"start":{"line":31,"column":6},"end":{"line":33,"column":11}},"type":"cond-expr","locations":[{"start":{"line":32,"column":10},"end":{"line":32,"column":84}},{"start":{"line":33,"column":10},"end":{"line":33,"column":11}}]},"3":{"loc":{"start":{"line":31,"column":6},"end":{"line":31,"column":101}},"type":"binary-expr","locations":[{"start":{"line":31,"column":6},"end":{"line":31,"column":23}},{"start":{"line":31,"column":27},"end":{"line":31,"column":64}},{"start":{"line":31,"column":68},"end":{"line":31,"column":101}}]},"4":{"loc":{"start":{"line":32,"column":18},"end":{"line":32,"column":79}},"type":"binary-expr","locations":[{"start":{"line":32,"column":18},"end":{"line":32,"column":74}},{"start":{"line":32,"column":78},"end":{"line":32,"column":79}}]},"5":{"loc":{"start":{"line":38,"column":16},"end":{"line":38,"column":65}},"type":"cond-expr","locations":[{"start":{"line":38,"column":43},"end":{"line":38,"column":51}},{"start":{"line":38,"column":54},"end":{"line":38,"column":65}}]},"6":{"loc":{"start":{"line":40,"column":14},"end":{"line":42,"column":16}},"type":"cond-expr","locations":[{"start":{"line":41,"column":14},"end":{"line":41,"column":31}},{"start":{"line":42,"column":14},"end":{"line":42,"column":16}}]},"7":{"loc":{"start":{"line":40,"column":14},"end":{"line":40,"column":109}},"type":"binary-expr","locations":[{"start":{"line":40,"column":14},"end":{"line":40,"column":31}},{"start":{"line":40,"column":35},"end":{"line":40,"column":72}},{"start":{"line":40,"column":76},"end":{"line":40,"column":109}}]},"8":{"loc":{"start":{"line":8,"column":29},"end":{"line":8,"column":null}},"type":"cond-expr","locations":[{"start":{"line":8,"column":42},"end":{"line":8,"column":null}},{"start":{"line":8,"column":42},"end":{"line":8,"column":null}}]},"9":{"loc":{"start":{"line":8,"column":29},"end":{"line":8,"column":42}},"type":"binary-expr","locations":[{"start":{"line":8,"column":29},"end":{"line":8,"column":null}},{"start":{"line":8,"column":29},"end":{"line":8,"column":42}}]},"10":{"loc":{"start":{"line":8,"column":42},"end":{"line":9,"column":null}},"type":"cond-expr","locations":[{"start":{"line":9,"column":53},"end":{"line":9,"column":null}},{"start":{"line":9,"column":53},"end":{"line":9,"column":null}}]},"11":{"loc":{"start":{"line":8,"column":42},"end":{"line":9,"column":53}},"type":"binary-expr","locations":[{"start":{"line":8,"column":42},"end":{"line":9,"column":null}},{"start":{"line":9,"column":38},"end":{"line":9,"column":53}}]}},"s":{"0":1,"1":1,"2":1,"3":1,"4":5,"5":5,"6":1,"7":1,"8":4,"9":4,"10":1,"11":3,"12":1,"13":2,"14":2,"15":2,"16":2,"17":1,"18":1},"f":{"0":5,"1":1,"2":4},"b":{"0":[1],"1":[1],"2":[1,1],"3":[2,1,1],"4":[1,0],"5":[1,1],"6":[1,1],"7":[2,1,1],"8":[1,0],"9":[1,1],"10":[1,0],"11":[1,1]}}
,"C:\\Users\\Tejas\\.gemini\\antigravity-ide\\scratch\\hasumane\\backend\\src\\modules\\rbac\\rbac.service.ts": {"path":"C:\\Users\\Tejas\\.gemini\\antigravity-ide\\scratch\\hasumane\\backend\\src\\modules\\rbac\\rbac.service.ts","statementMap":{"0":{"start":{"line":1,"column":0},"end":{"line":1,"column":44}},"1":{"start":{"line":2,"column":0},"end":{"line":2,"column":63}},"2":{"start":{"line":3,"column":0},"end":{"line":3,"column":64}},"3":{"start":{"line":7,"column":7},"end":{"line":56,"column":null}},"4":{"start":{"line":9,"column":21},"end":{"line":9,"column":29}},"5":{"start":{"line":10,"column":21},"end":{"line":10,"column":38}},"6":{"start":{"line":14,"column":4},"end":{"line":16,"column":7}},"7":{"start":{"line":20,"column":21},"end":{"line":27,"column":6}},"8":{"start":{"line":28,"column":23},"end":{"line":37,"column":6}},"9":{"start":{"line":38,"column":4},"end":{"line":46,"column":7}},"10":{"start":{"line":47,"column":4},"end":{"line":47,"column":22}},"11":{"start":{"line":51,"column":4},"end":{"line":54,"column":7}},"12":{"start":{"line":7,"column":13},"end":{"line":7,"column":24}},"13":{"start":{"line":7,"column":13},"end":{"line":56,"column":null}}},"fnMap":{"0":{"name":"(anonymous_2)","decl":{"start":{"line":8,"column":2},"end":{"line":8,"column":null}},"loc":{"start":{"line":10,"column":53},"end":{"line":11,"column":6}}},"1":{"name":"(anonymous_3)","decl":{"start":{"line":13,"column":2},"end":{"line":13,"column":17}},"loc":{"start":{"line":13,"column":17},"end":{"line":17,"column":3}}},"2":{"name":"(anonymous_4)","decl":{"start":{"line":19,"column":2},"end":{"line":19,"column":7}},"loc":{"start":{"line":19,"column":67},"end":{"line":48,"column":3}}},"3":{"name":"(anonymous_5)","decl":{"start":{"line":50,"column":2},"end":{"line":50,"column":11}},"loc":{"start":{"line":50,"column":23},"end":{"line":55,"column":3}}}},"branchMap":{"0":{"loc":{"start":{"line":50,"column":12},"end":{"line":50,"column":23}},"type":"default-arg","locations":[{"start":{"line":50,"column":20},"end":{"line":50,"column":23}}]},"1":{"loc":{"start":{"line":9,"column":29},"end":{"line":9,"column":null}},"type":"cond-expr","locations":[{"start":{"line":9,"column":42},"end":{"line":9,"column":null}},{"start":{"line":9,"column":42},"end":{"line":9,"column":null}}]},"2":{"loc":{"start":{"line":9,"column":29},"end":{"line":9,"column":42}},"type":"binary-expr","locations":[{"start":{"line":9,"column":29},"end":{"line":9,"column":null}},{"start":{"line":9,"column":29},"end":{"line":9,"column":42}}]},"3":{"loc":{"start":{"line":9,"column":42},"end":{"line":10,"column":null}},"type":"cond-expr","locations":[{"start":{"line":10,"column":53},"end":{"line":10,"column":null}},{"start":{"line":10,"column":53},"end":{"line":10,"column":null}}]},"4":{"loc":{"start":{"line":9,"column":42},"end":{"line":10,"column":53}},"type":"binary-expr","locations":[{"start":{"line":9,"column":42},"end":{"line":10,"column":null}},{"start":{"line":10,"column":38},"end":{"line":10,"column":53}}]}},"s":{"0":1,"1":1,"2":1,"3":1,"4":2,"5":2,"6":1,"7":1,"8":1,"9":1,"10":1,"11":2,"12":1,"13":1},"f":{"0":2,"1":1,"2":1,"3":2},"b":{"0":[1],"1":[1,0],"2":[1,1],"3":[1,0],"4":[1,1]}}
}
