TN:
SF:src\common\guards\csrf.guard.ts
FN:11,(anonymous_2)
FN:16,(anonymous_3)
FNF:2
FNH:2
FNDA:3,(anonymous_2)
FNDA:4,(anonymous_3)
DA:1,1
DA:2,1
DA:3,1
DA:4,1
DA:7,1
DA:10,1
DA:12,3
DA:13,3
DA:17,4
DA:21,4
DA:23,3
DA:24,3
DA:26,2
DA:27,2
DA:28,2
DA:30,2
DA:31,1
DA:34,1
LF:18
LH:18
BRDA:21,0,0,1
BRDA:24,1,0,1
BRDA:26,2,0,2
BRDA:26,2,1,0
BRDA:30,3,0,1
BRDA:30,4,0,2
BRDA:30,4,1,1
BRDA:30,4,2,1
BRDA:12,5,0,1
BRDA:12,5,1,0
BRDA:12,6,0,1
BRDA:12,6,1,1
BRDA:12,7,0,1
BRDA:12,7,1,0
BRDA:12,8,0,1
BRDA:12,8,1,1
BRF:16
BRH:13
end_of_record
TN:
SF:src\common\guards\jwt-auth.guard.ts
FN:19,(anonymous_2)
FN:25,(anonymous_3)
FN:57,(anonymous_4)
FNF:3
FNH:3
FNDA:4,(anonymous_2)
FNDA:4,(anonymous_3)
FNDA:3,(anonymous_4)
DA:1,1
DA:2,1
DA:3,1
DA:4,1
DA:5,1
DA:18,1
DA:20,4
DA:21,4
DA:22,4
DA:26,4
DA:30,4
DA:32,3
DA:33,3
DA:34,3
DA:35,1
DA:38,2
DA:39,2
DA:42,2
DA:43,1
DA:45,1
DA:51,1
DA:53,1
DA:58,3
DA:59,3
DA:60,2
DA:62,1
LF:26
LH:26
BRDA:30,0,0,1
BRDA:34,1,0,1
BRDA:42,2,0,1
BRDA:59,3,0,2
BRDA:20,4,0,1
BRDA:20,4,1,0
BRDA:20,5,0,1
BRDA:20,5,1,1
BRDA:20,6,0,1
BRDA:20,6,1,0
BRDA:20,7,0,1
BRDA:20,7,1,1
BRDA:21,8,0,1
BRDA:21,8,1,0
BRDA:21,9,0,1
BRDA:21,9,1,1
BRF:16
BRH:13
end_of_record
TN:
SF:src\common\guards\roles.guard.ts
FN:10,(anonymous_2)
FN:12,(anonymous_3)
FN:32,(anonymous_4)
FNF:3
FNH:3
FNDA:4,(anonymous_2)
FNDA:4,(anonymous_3)
FNDA:2,(anonymous_4)
DA:1,1
DA:2,1
DA:3,1
DA:4,1
DA:5,1
DA:9,1
DA:10,4
DA:13,4
DA:17,4
DA:19,3
DA:23,3
DA:25,2
DA:26,2
DA:27,2
DA:28,0
DA:31,2
DA:32,2
DA:33,2
DA:34,1
DA:36,1
LF:20
LH:19
BRDA:17,0,0,1
BRDA:23,1,0,1
BRDA:27,2,0,0
BRDA:31,3,0,2
BRDA:31,3,1,0
BRDA:33,4,0,1
BRDA:10,5,0,1
BRDA:10,5,1,0
BRDA:10,6,0,1
BRDA:10,6,1,1
BRF:10
BRH:7
end_of_record
TN:
SF:src\common\interceptors\logging.interceptor.ts
FN:15,(anonymous_2)
FN:20,(anonymous_3)
FN:26,(anonymous_4)
FN:47,(anonymous_5)
FN:68,(anonymous_6)
FN:73,(anonymous_7)
FNF:6
FNH:6
FNDA:4,(anonymous_2)
FNDA:4,(anonymous_3)
FNDA:2,(anonymous_4)
FNDA:2,(anonymous_5)
FNDA:2,(anonymous_6)
FNDA:4,(anonymous_7)
DA:1,1
DA:7,1
DA:9,1
DA:10,1
DA:14,1
DA:16,4
DA:17,4
DA:21,4
DA:22,4
DA:23,4
DA:25,4
DA:27,2
DA:28,2
DA:34,2
DA:48,2
DA:49,2
DA:55,2
DA:68,2
DA:74,4
DA:75,4
LF:20
LH:20
BRDA:30,0,0,2
BRDA:30,0,1,1
BRDA:35,1,0,1
BRDA:35,1,1,1
BRDA:51,2,0,2
BRDA:51,2,1,0
BRDA:52,3,0,1
BRDA:52,3,1,1
BRDA:64,4,0,1
BRDA:64,4,1,1
BRDA:66,5,0,1
BRDA:66,5,1,1
BRDA:75,6,0,4
BRDA:75,6,1,1
BRDA:16,7,0,1
BRDA:16,7,1,0
BRDA:16,8,0,1
BRDA:16,8,1,1
BRDA:16,9,0,1
BRDA:16,9,1,0
BRDA:16,10,0,1
BRDA:16,10,1,1
BRF:22
BRH:19
end_of_record
TN:
SF:src\common\interceptors\response.interceptor.ts
FN:20,(anonymous_1)
FN:24,(anonymous_2)
FNF:2
FNH:2
FNDA:3,(anonymous_1)
FNDA:3,(anonymous_2)
DA:1,1
DA:9,1
DA:19,1
DA:21,3
DA:22,3
DA:23,3
DA:25,3
DA:26,3
DA:32,1
DA:35,2
DA:42,1
DA:45,1
LF:12
LH:12
BRDA:25,0,0,3
BRDA:25,0,1,0
BRDA:26,1,0,1
BRDA:27,2,0,3
BRDA:27,2,1,3
BRDA:27,2,2,2
BRDA:27,2,3,2
BRDA:35,3,0,1
BRDA:36,4,0,2
BRDA:36,4,1,2
BRDA:36,4,2,2
BRDA:36,4,3,1
BRDA:36,4,4,1
BRF:13
BRH:12
end_of_record
TN:
SF:src\common\utils\pagination.ts
FN:12,getPagination
FN:23,buildPaginationMeta
FNF:2
FNH:2
FNDA:6,getPagination
FNDA:6,buildPaginationMeta
DA:12,2
DA:13,6
DA:14,6
DA:15,6
DA:23,2
DA:24,6
DA:25,6
LF:7
LH:7
BRDA:13,0,0,6
BRDA:13,0,1,1
BRDA:14,1,0,6
BRDA:14,1,1,0
BRF:4
BRH:3
end_of_record
TN:
SF:src\modules\analytics\analytics.service.ts
FN:12,(anonymous_2)
FN:14,(anonymous_3)
FN:47,(anonymous_4)
FN:82,(anonymous_5)
FN:93,(anonymous_6)
FN:104,(anonymous_7)
FN:108,(anonymous_8)
FN:113,(anonymous_9)
FN:115,(anonymous_10)
FN:118,(anonymous_11)
FN:120,(anonymous_12)
FN:130,(anonymous_13)
FN:158,(anonymous_14)
FN:179,(anonymous_15)
FN:203,(anonymous_16)
FN:220,(anonymous_17)
FN:222,(anonymous_18)
FN:223,(anonymous_19)
FN:224,(anonymous_20)
FN:228,(anonymous_21)
FN:234,(anonymous_22)
FN:238,(anonymous_23)
FN:239,(anonymous_24)
FN:240,(anonymous_25)
FN:252,(anonymous_26)
FN:264,(anonymous_27)
FN:268,(anonymous_28)
FN:269,(anonymous_29)
FN:274,(anonymous_30)
FNF:29
FNH:28
FNDA:6,(anonymous_2)
FNDA:3,(anonymous_3)
FNDA:1,(anonymous_4)
FNDA:1,(anonymous_5)
FNDA:1,(anonymous_6)
FNDA:1,(anonymous_7)
FNDA:1,(anonymous_8)
FNDA:2,(anonymous_9)
FNDA:11,(anonymous_10)
FNDA:11,(anonymous_11)
FNDA:44,(anonymous_12)
FNDA:1,(anonymous_13)
FNDA:3,(anonymous_14)
FNDA:4,(anonymous_15)
FNDA:4,(anonymous_16)
FNDA:4,(anonymous_17)
FNDA:6,(anonymous_18)
FNDA:6,(anonymous_19)
FNDA:6,(anonymous_20)
FNDA:6,(anonymous_21)
FNDA:4,(anonymous_22)
FNDA:6,(anonymous_23)
FNDA:6,(anonymous_24)
FNDA:6,(anonymous_25)
FNDA:7,(anonymous_26)
FNDA:3,(anonymous_27)
FNDA:8,(anonymous_28)
FNDA:0,(anonymous_29)
FNDA:2,(anonymous_30)
DA:1,1
DA:2,1
DA:11,1
DA:12,6
DA:15,3
DA:17,3
DA:30,3
DA:48,1
DA:49,1
DA:68,1
DA:83,1
DA:84,1
DA:85,1
DA:90,1
DA:94,1
DA:95,1
DA:96,1
DA:101,1
DA:105,1
DA:109,1
DA:110,1
DA:114,2
DA:115,11
DA:116,2
DA:117,2
DA:119,11
DA:121,44
DA:122,44
DA:127,2
DA:131,1
DA:132,1
DA:133,1
DA:134,1
DA:141,1
DA:142,1
DA:143,1
DA:144,5
DA:145,5
DA:147,1
DA:148,1
DA:149,1
DA:150,1
DA:151,5
DA:153,1
DA:154,1
DA:155,1
DA:159,3
DA:160,3
DA:161,3
DA:162,3
DA:163,3
DA:164,3
DA:169,3
DA:180,4
DA:195,4
DA:196,4
DA:204,4
DA:213,4
DA:221,4
DA:222,6
DA:223,6
DA:224,6
DA:225,4
DA:228,6
DA:235,4
DA:238,6
DA:239,6
DA:240,6
DA:241,4
DA:253,7
DA:254,1
DA:256,6
DA:257,6
DA:258,6
DA:259,6
DA:260,6
DA:261,6
DA:265,3
DA:269,8
DA:270,7
DA:271,7
DA:272,7
DA:273,17
DA:274,2
DA:275,4
DA:277,2
DA:279,15
DA:280,9
DA:281,4
DA:283,11
DA:285,7
LF:91
LH:91
BRDA:72,0,0,1
BRDA:72,0,1,0
BRDA:73,1,0,1
BRDA:73,1,1,0
BRDA:74,2,0,1
BRDA:74,2,1,0
BRDA:75,3,0,1
BRDA:75,3,1,0
BRDA:76,4,0,1
BRDA:76,4,1,0
BRDA:121,5,0,44
BRDA:121,5,1,7
BRDA:195,6,0,3
BRDA:195,6,1,1
BRDA:216,7,0,3
BRDA:216,7,1,1
BRDA:229,8,0,3
BRDA:229,8,1,1
BRDA:246,9,0,3
BRDA:246,9,1,1
BRDA:253,10,0,1
BRDA:253,11,0,7
BRDA:253,11,1,1
BRDA:253,11,2,1
BRDA:258,12,0,1
BRDA:259,13,0,1
BRDA:260,14,0,4
BRDA:269,15,0,1
BRDA:270,16,0,0
BRDA:270,17,0,7
BRDA:270,17,1,7
BRDA:273,18,0,2
BRDA:279,19,0,4
BRDA:279,20,0,15
BRDA:279,20,1,14
BRDA:279,20,2,6
BRDA:285,21,0,7
BRDA:285,21,1,0
BRDA:12,22,0,1
BRDA:12,22,1,0
BRDA:12,23,0,1
BRDA:12,23,1,1
BRF:42
BRH:34
end_of_record
TN:
SF:src\modules\audit\audit-log.service.ts
FN:22,(anonymous_2)
FN:24,(anonymous_3)
FN:43,(anonymous_4)
FN:62,(anonymous_5)
FN:94,(anonymous_6)
FN:102,(anonymous_7)
FN:134,(anonymous_8)
FNF:7
FNH:7
FNDA:4,(anonymous_2)
FNDA:2,(anonymous_3)
FNDA:1,(anonymous_4)
FNDA:1,(anonymous_5)
FNDA:1,(anonymous_6)
FNDA:2,(anonymous_7)
FNDA:6,(anonymous_8)
DA:1,1
DA:4,1
DA:5,1
DA:21,1
DA:22,4
DA:25,2
DA:26,2
DA:44,1
DA:45,1
DA:46,1
DA:56,1
DA:63,1
DA:64,1
DA:92,1
DA:94,1
DA:103,2
DA:104,2
DA:105,1
DA:107,2
DA:108,1
DA:118,2
DA:131,2
DA:135,6
DA:136,1
LF:24
LH:24
BRDA:25,0,0,2
BRDA:25,0,1,2
BRDA:95,1,0,1
BRDA:95,1,1,0
BRDA:104,2,0,1
BRDA:107,3,0,1
BRDA:119,4,0,1
BRDA:119,4,1,1
BRDA:120,5,0,0
BRDA:120,5,1,2
BRDA:121,6,0,0
BRDA:121,6,1,2
BRDA:122,7,0,1
BRDA:122,7,1,1
BRDA:122,8,0,2
BRDA:122,8,1,1
BRDA:125,9,0,1
BRDA:125,9,1,0
BRDA:126,10,0,1
BRDA:126,10,1,0
BRDA:131,11,0,1
BRDA:131,11,1,1
BRDA:135,12,0,5
BRDA:22,13,0,1
BRDA:22,13,1,0
BRDA:22,14,0,1
BRDA:22,14,1,1
BRF:27
BRH:21
end_of_record
TN:
SF:src\modules\inventory\inventory.service.ts
FN:8,(anonymous_2)
FN:10,(anonymous_3)
FN:19,(anonymous_4)
FN:25,(anonymous_5)
FN:29,(anonymous_6)
FN:37,(anonymous_7)
FN:47,(anonymous_8)
FN:48,(anonymous_9)
FN:94,(anonymous_10)
FN:111,(anonymous_11)
FN:117,(anonymous_12)
FNF:11
FNH:11
FNDA:5,(anonymous_2)
FNDA:1,(anonymous_3)
FNDA:1,(anonymous_4)
FNDA:2,(anonymous_5)
FNDA:1,(anonymous_6)
FNDA:1,(anonymous_7)
FNDA:5,(anonymous_8)
FNDA:5,(anonymous_9)
FNDA:4,(anonymous_10)
FNDA:4,(anonymous_11)
FNDA:12,(anonymous_12)
DA:1,1
DA:3,1
DA:7,1
DA:8,5
DA:11,1
DA:16,1
DA:20,1
DA:24,1
DA:25,2
DA:30,1
DA:34,1
DA:38,1
DA:44,1
DA:48,5
DA:49,5
DA:50,5
DA:52,4
DA:65,4
DA:66,4
DA:76,4
DA:90,4
DA:98,4
DA:99,4
DA:100,4
DA:101,4
DA:102,4
DA:103,4
DA:104,4
DA:105,4
DA:112,4
DA:113,4
DA:114,1
DA:118,12
LF:33
LH:33
BRDA:39,0,0,1
BRDA:39,0,1,0
BRDA:50,1,0,1
BRDA:100,2,0,0
BRDA:101,3,0,1
BRDA:102,4,0,1
BRDA:103,5,0,1
BRDA:104,6,0,1
BRDA:112,7,0,0
BRDA:113,8,0,3
BRDA:113,9,0,4
BRDA:113,9,1,4
BRDA:8,10,0,1
BRDA:8,10,1,0
BRDA:8,11,0,1
BRDA:8,11,1,1
BRF:16
BRH:12
end_of_record
TN:
SF:src\modules\logging\logging.service.ts
FN:37,(anonymous_3)
FN:58,(anonymous_4)
FN:62,(anonymous_5)
FN:107,(anonymous_6)
FNF:4
FNH:4
FNDA:7,(anonymous_3)
FNDA:2,(anonymous_4)
FNDA:2,(anonymous_5)
FNDA:3,(anonymous_6)
DA:1,1
DA:3,1
DA:4,1
DA:5,1
DA:34,1
DA:37,7
DA:38,7
DA:59,2
DA:63,2
DA:79,2
DA:80,2
DA:100,1
DA:108,3
DA:109,3
DA:133,3
DA:143,3
LF:16
LH:16
BRDA:39,0,0,7
BRDA:39,0,1,0
BRDA:41,1,0,6
BRDA:41,1,1,1
BRDA:53,2,0,7
BRDA:53,2,1,0
BRDA:73,3,0,1
BRDA:73,3,1,1
BRDA:94,4,0,2
BRDA:94,4,1,0
BRDA:101,5,0,1
BRDA:101,5,1,0
BRDA:110,6,0,1
BRDA:110,6,1,2
BRDA:111,7,0,1
BRDA:111,7,1,2
BRDA:112,8,0,1
BRDA:112,8,1,2
BRDA:113,9,0,1
BRDA:113,9,1,2
BRDA:123,10,0,1
BRDA:123,10,1,2
BRDA:123,11,0,3
BRDA:123,11,1,2
BRDA:126,12,0,1
BRDA:126,12,1,0
BRDA:127,13,0,1
BRDA:127,13,1,0
BRDA:37,14,0,1
BRDA:37,14,1,0
BRDA:37,15,0,1
BRDA:37,15,1,1
BRF:32
BRH:25
end_of_record
TN:
SF:src\modules\monitoring\metrics.service.ts
FN:22,(anonymous_2)
FN:24,(anonymous_3)
FN:32,(anonymous_4)
FN:81,(anonymous_5)
FN:85,(anonymous_6)
FNF:5
FNH:5
FNDA:2,(anonymous_2)
FNDA:2,(anonymous_3)
FNDA:2,(anonymous_4)
FNDA:2,(anonymous_5)
FNDA:2,(anonymous_6)
DA:1,1
DA:2,1
DA:3,1
DA:13,1
DA:14,2
DA:15,2
DA:16,2
DA:17,2
DA:18,2
DA:19,2
DA:20,2
DA:22,2
DA:25,2
DA:26,2
DA:27,2
DA:28,2
DA:29,2
DA:33,2
DA:34,2
DA:35,2
DA:36,2
DA:45,2
DA:78,2
DA:82,2
DA:86,2
DA:87,2
DA:88,2
DA:89,2
DA:90,2
DA:91,2
DA:92,2
DA:93,2
DA:94,2
LF:33
LH:33
BRDA:27,0,0,1
BRDA:34,1,0,1
BRDA:34,1,1,1
BRDA:93,2,0,0
BRDA:22,3,0,1
BRDA:22,3,1,0
BRDA:22,4,0,1
BRDA:22,4,1,1
BRF:8
BRH:6
end_of_record
TN:
SF:src\modules\notifications\notification.service.ts
FN:7,(anonymous_2)
FN:12,(anonymous_3)
FN:21,(anonymous_4)
FNF:3
FNH:3
FNDA:5,(anonymous_2)
FNDA:1,(anonymous_3)
FNDA:4,(anonymous_4)
DA:1,1
DA:2,1
DA:3,1
DA:6,1
DA:8,5
DA:9,5
DA:13,1
DA:18,1
DA:22,4
DA:25,4
DA:26,3
DA:27,1
DA:31,2
DA:35,2
DA:49,2
DA:59,2
LF:16
LH:16
BRDA:25,0,0,1
BRDA:26,1,0,1
BRDA:31,2,0,1
BRDA:31,2,1,1
BRDA:31,3,0,2
BRDA:31,3,1,1
BRDA:31,3,2,1
BRDA:32,4,0,1
BRDA:32,4,1,0
BRDA:38,5,0,1
BRDA:38,5,1,1
BRDA:40,6,0,1
BRDA:40,6,1,1
BRDA:40,7,0,2
BRDA:40,7,1,1
BRDA:40,7,2,1
BRDA:8,8,0,1
BRDA:8,8,1,0
BRDA:8,9,0,1
BRDA:8,9,1,1
BRDA:8,10,0,1
BRDA:8,10,1,0
BRDA:8,11,0,1
BRDA:8,11,1,1
BRF:24
BRH:21
end_of_record
TN:
SF:src\modules\rbac\rbac.service.ts
FN:8,(anonymous_2)
FN:13,(anonymous_3)
FN:19,(anonymous_4)
FN:50,(anonymous_5)
FNF:4
FNH:4
FNDA:2,(anonymous_2)
FNDA:1,(anonymous_3)
FNDA:1,(anonymous_4)
FNDA:2,(anonymous_5)
DA:1,1
DA:2,1
DA:3,1
DA:7,1
DA:9,2
DA:10,2
DA:14,1
DA:20,1
DA:28,1
DA:38,1
DA:47,1
DA:51,2
LF:12
LH:12
BRDA:50,0,0,1
BRDA:9,1,0,1
BRDA:9,1,1,0
BRDA:9,2,0,1
BRDA:9,2,1,1
BRDA:9,3,0,1
BRDA:9,3,1,0
BRDA:9,4,0,1
BRDA:9,4,1,1
BRF:9
BRH:7
end_of_record
